{"/workspace/ton-graph/src/api/cache.ts": {"path":"/workspace/ton-graph/src/api/cache.ts","statementMap":{"0":{"start":{"line":8,"column":26},"end":{"line":8,"column":40}},"1":{"start":{"line":9,"column":20},"end":{"line":9,"column":23}},"2":{"start":{"line":10,"column":24},"end":{"line":10,"column":39}},"3":{"start":{"line":13,"column":4},"end":{"line":13,"column":49}},"4":{"start":{"line":12,"column":0},"end":{"line":12,"column":16}},"5":{"start":{"line":21,"column":16},"end":{"line":21,"column":43}},"6":{"start":{"line":22,"column":18},"end":{"line":22,"column":157}},"7":{"start":{"line":23,"column":18},"end":{"line":23,"column":66}},"8":{"start":{"line":24,"column":4},"end":{"line":41,"column":null}},"9":{"start":{"line":25,"column":20},"end":{"line":25,"column":48}},"10":{"start":{"line":26,"column":8},"end":{"line":34,"column":null}},"11":{"start":{"line":27,"column":24},"end":{"line":27,"column":48}},"12":{"start":{"line":28,"column":12},"end":{"line":31,"column":null}},"13":{"start":{"line":29,"column":16},"end":{"line":29,"column":43}},"14":{"start":{"line":30,"column":16},"end":{"line":30,"column":38}},"15":{"start":{"line":32,"column":12},"end":{"line":32,"column":72}},"16":{"start":{"line":33,"column":12},"end":{"line":33,"column":31}},"17":{"start":{"line":35,"column":8},"end":{"line":35,"column":34}},"18":{"start":{"line":36,"column":20},"end":{"line":36,"column":44}},"19":{"start":{"line":37,"column":8},"end":{"line":39,"column":null}},"20":{"start":{"line":38,"column":12},"end":{"line":38,"column":39}},"21":{"start":{"line":40,"column":8},"end":{"line":40,"column":68}},"22":{"start":{"line":42,"column":4},"end":{"line":42,"column":21}},"23":{"start":{"line":16,"column":0},"end":{"line":16,"column":7}},"24":{"start":{"line":51,"column":16},"end":{"line":51,"column":43}},"25":{"start":{"line":52,"column":18},"end":{"line":52,"column":157}},"26":{"start":{"line":53,"column":4},"end":{"line":53,"column":58}},"27":{"start":{"line":54,"column":21},"end":{"line":54,"column":45}},"28":{"start":{"line":55,"column":4},"end":{"line":57,"column":null}},"29":{"start":{"line":56,"column":8},"end":{"line":56,"column":40}},"30":{"start":{"line":58,"column":4},"end":{"line":58,"column":26}},"31":{"start":{"line":59,"column":4},"end":{"line":64,"column":null}},"32":{"start":{"line":60,"column":23},"end":{"line":60,"column":42}},"33":{"start":{"line":61,"column":8},"end":{"line":63,"column":null}},"34":{"start":{"line":62,"column":12},"end":{"line":62,"column":41}},"35":{"start":{"line":65,"column":4},"end":{"line":65,"column":64}},"36":{"start":{"line":45,"column":0},"end":{"line":45,"column":7}}},"fnMap":{"0":{"name":"getCacheKey","decl":{"start":{"line":12,"column":16},"end":{"line":12,"column":27}},"loc":{"start":{"line":12,"column":59},"end":{"line":14,"column":1}}},"1":{"name":"getCachedResponse","decl":{"start":{"line":16,"column":22},"end":{"line":16,"column":39}},"loc":{"start":{"line":19,"column":19},"end":{"line":43,"column":1}}},"2":{"name":"setCachedResponse","decl":{"start":{"line":45,"column":22},"end":{"line":45,"column":39}},"loc":{"start":{"line":49,"column":12},"end":{"line":66,"column":1}}}},"branchMap":{"0":{"loc":{"start":{"line":24,"column":4},"end":{"line":41,"column":null}},"type":"if","locations":[{"start":{"line":24,"column":4},"end":{"line":41,"column":null}},{"start":{"line":24,"column":4},"end":{"line":41,"column":null}}]},"1":{"loc":{"start":{"line":26,"column":8},"end":{"line":34,"column":null}},"type":"if","locations":[{"start":{"line":26,"column":8},"end":{"line":34,"column":null}},{"start":{"line":26,"column":8},"end":{"line":34,"column":null}}]},"2":{"loc":{"start":{"line":28,"column":12},"end":{"line":31,"column":null}},"type":"if","locations":[{"start":{"line":28,"column":12},"end":{"line":31,"column":null}},{"start":{"line":28,"column":12},"end":{"line":31,"column":null}}]},"3":{"loc":{"start":{"line":37,"column":8},"end":{"line":39,"column":null}},"type":"if","locations":[{"start":{"line":37,"column":8},"end":{"line":39,"column":null}},{"start":{"line":37,"column":8},"end":{"line":39,"column":null}}]},"4":{"loc":{"start":{"line":55,"column":4},"end":{"line":57,"column":null}},"type":"if","locations":[{"start":{"line":55,"column":4},"end":{"line":57,"column":null}},{"start":{"line":55,"column":4},"end":{"line":57,"column":null}}]},"5":{"loc":{"start":{"line":61,"column":8},"end":{"line":63,"column":null}},"type":"if","locations":[{"start":{"line":61,"column":8},"end":{"line":63,"column":null}},{"start":{"line":61,"column":8},"end":{"line":63,"column":null}}]}},"s":{"0":1,"1":1,"2":1,"3":108,"4":1,"5":2,"6":2,"7":2,"8":2,"9":2,"10":2,"11":1,"12":1,"13":1,"14":1,"15":1,"16":1,"17":1,"18":1,"19":1,"20":1,"21":1,"22":1,"23":1,"24":103,"25":103,"26":103,"27":103,"28":103,"29":0,"30":103,"31":103,"32":1,"33":1,"34":1,"35":103,"36":1},"f":{"0":108,"1":2,"2":103},"b":{"0":[2,0],"1":[1,1],"2":[1,0],"3":[1,0],"4":[0,103],"5":[1,0]}}
,"/workspace/ton-graph/src/logging/logger.ts": {"path":"/workspace/ton-graph/src/logging/logger.ts","statementMap":{"0":{"start":{"line":1,"column":0},"end":{"line":1,"column":59}},"1":{"start":{"line":2,"column":0},"end":{"line":2,"column":29}},"2":{"start":{"line":3,"column":0},"end":{"line":3,"column":25}},"3":{"start":{"line":4,"column":0},"end":{"line":4,"column":33}},"4":{"start":{"line":5,"column":0},"end":{"line":5,"column":34}},"5":{"start":{"line":7,"column":13},"end":{"line":7,"column":76}},"6":{"start":{"line":9,"column":16},"end":{"line":9,"column":53}},"7":{"start":{"line":10,"column":0},"end":{"line":12,"column":null}},"8":{"start":{"line":11,"column":2},"end":{"line":11,"column":45}},"9":{"start":{"line":14,"column":18},"end":{"line":19,"column":null}},"10":{"start":{"line":17,"column":17},"end":{"line":17,"column":75}},"11":{"start":{"line":18,"column":4},"end":{"line":18,"column":55}},"12":{"start":{"line":22,"column":21},"end":{"line":27,"column":2}},"13":{"start":{"line":24,"column":4},"end":{"line":24,"column":54}},"14":{"start":{"line":25,"column":4},"end":{"line":25,"column":15}},"15":{"start":{"line":29,"column":15},"end":{"line":42,"column":2}},"16":{"start":{"line":44,"column":0},"end":{"line":44,"column":22}}},"fnMap":{"0":{"name":"(anonymous_0)","decl":{"start":{"line":16,"column":16},"end":{"line":16,"column":17}},"loc":{"start":{"line":16,"column":59},"end":{"line":19,"column":3}}},"1":{"name":"(anonymous_1)","decl":{"start":{"line":23,"column":2},"end":{"line":23,"column":7}},"loc":{"start":{"line":23,"column":29},"end":{"line":26,"column":3}}}},"branchMap":{"0":{"loc":{"start":{"line":10,"column":0},"end":{"line":12,"column":null}},"type":"if","locations":[{"start":{"line":10,"column":0},"end":{"line":12,"column":null}},{"start":{"line":10,"column":0},"end":{"line":12,"column":null}}]},"1":{"loc":{"start":{"line":17,"column":17},"end":{"line":17,"column":75}},"type":"cond-expr","locations":[{"start":{"line":17,"column":44},"end":{"line":17,"column":70}},{"start":{"line":17,"column":73},"end":{"line":17,"column":75}}]}},"s":{"0":1,"1":1,"2":1,"3":1,"4":1,"5":1,"6":1,"7":1,"8":1,"9":1,"10":2,"11":2,"12":1,"13":2,"14":2,"15":1,"16":1},"f":{"0":2,"1":2},"b":{"0":[1,0],"1":[0,2]}}
,"/workspace/ton-graph/src/parser/funcParser.ts": {"path":"/workspace/ton-graph/src/parser/funcParser.ts","statementMap":{"0":{"start":{"line":1,"column":0},"end":{"line":1,"column":29}},"1":{"start":{"line":2,"column":0},"end":{"line":2,"column":33}},"2":{"start":{"line":3,"column":0},"end":{"line":3,"column":49}},"3":{"start":{"line":4,"column":0},"end":{"line":4,"column":54}},"4":{"start":{"line":6,"column":0},"end":{"line":6,"column":55}},"5":{"start":{"line":8,"column":27},"end":{"line":30,"column":2}},"6":{"start":{"line":32,"column":50},"end":{"line":32,"column":54}},"7":{"start":{"line":34,"column":4},"end":{"line":38,"column":null}},"8":{"start":{"line":35,"column":8},"end":{"line":35,"column":42}},"9":{"start":{"line":36,"column":8},"end":{"line":36,"column":52}},"10":{"start":{"line":37,"column":8},"end":{"line":37,"column":53}},"11":{"start":{"line":39,"column":4},"end":{"line":39,"column":26}},"12":{"start":{"line":43,"column":19},"end":{"line":43,"column":36}},"13":{"start":{"line":44,"column":17},"end":{"line":44,"column":35}},"14":{"start":{"line":45,"column":33},"end":{"line":45,"column":57}},"15":{"start":{"line":46,"column":4},"end":{"line":48,"column":null}},"16":{"start":{"line":47,"column":8},"end":{"line":47,"column":21}},"17":{"start":{"line":49,"column":25},"end":{"line":51,"column":20}},"18":{"start":{"line":53,"column":22},"end":{"line":53,"column":76}},"19":{"start":{"line":54,"column":19},"end":{"line":54,"column":56}},"20":{"start":{"line":56,"column":4},"end":{"line":77,"column":null}},"21":{"start":{"line":57,"column":8},"end":{"line":57,"column":26}},"22":{"start":{"line":57,"column":17},"end":{"line":57,"column":26}},"23":{"start":{"line":58,"column":25},"end":{"line":58,"column":65}},"24":{"start":{"line":59,"column":8},"end":{"line":59,"column":32}},"25":{"start":{"line":59,"column":23},"end":{"line":59,"column":32}},"26":{"start":{"line":60,"column":25},"end":{"line":60,"column":38}},"27":{"start":{"line":61,"column":8},"end":{"line":61,"column":55}},"28":{"start":{"line":61,"column":46},"end":{"line":61,"column":55}},"29":{"start":{"line":63,"column":26},"end":{"line":63,"column":67}},"30":{"start":{"line":64,"column":23},"end":{"line":64,"column":67}},"31":{"start":{"line":65,"column":25},"end":{"line":65,"column":67}},"32":{"start":{"line":66,"column":8},"end":{"line":66,"column":53}},"33":{"start":{"line":66,"column":22},"end":{"line":66,"column":53}},"34":{"start":{"line":68,"column":35},"end":{"line":75,"column":10}},"35":{"start":{"line":73,"column":61},"end":{"line":73,"column":69}},"36":{"start":{"line":76,"column":8},"end":{"line":76,"column":31}},"37":{"start":{"line":79,"column":4},"end":{"line":98,"column":null}},"38":{"start":{"line":80,"column":8},"end":{"line":80,"column":26}},"39":{"start":{"line":80,"column":17},"end":{"line":80,"column":26}},"40":{"start":{"line":81,"column":25},"end":{"line":81,"column":65}},"41":{"start":{"line":82,"column":8},"end":{"line":82,"column":32}},"42":{"start":{"line":82,"column":23},"end":{"line":82,"column":32}},"43":{"start":{"line":83,"column":21},"end":{"line":83,"column":34}},"44":{"start":{"line":84,"column":25},"end":{"line":84,"column":67}},"45":{"start":{"line":85,"column":8},"end":{"line":85,"column":32}},"46":{"start":{"line":85,"column":23},"end":{"line":85,"column":32}},"47":{"start":{"line":86,"column":22},"end":{"line":86,"column":72}},"48":{"start":{"line":87,"column":22},"end":{"line":87,"column":39}},"49":{"start":{"line":88,"column":8},"end":{"line":97,"column":null}},"50":{"start":{"line":89,"column":12},"end":{"line":89,"column":32}},"51":{"start":{"line":89,"column":23},"end":{"line":89,"column":32}},"52":{"start":{"line":90,"column":27},"end":{"line":90,"column":40}},"53":{"start":{"line":91,"column":12},"end":{"line":91,"column":34}},"54":{"start":{"line":91,"column":25},"end":{"line":91,"column":34}},"55":{"start":{"line":92,"column":23},"end":{"line":92,"column":34}},"56":{"start":{"line":93,"column":12},"end":{"line":96,"column":null}},"57":{"start":{"line":94,"column":16},"end":{"line":94,"column":58}},"58":{"start":{"line":95,"column":16},"end":{"line":95,"column":30}},"59":{"start":{"line":100,"column":4},"end":{"line":100,"column":17}},"60":{"start":{"line":42,"column":0},"end":{"line":42,"column":7}}},"fnMap":{"0":{"name":"getParser","decl":{"start":{"line":33,"column":15},"end":{"line":33,"column":24}},"loc":{"start":{"line":33,"column":24},"end":{"line":40,"column":1}}},"1":{"name":"parseContractCode","decl":{"start":{"line":42,"column":22},"end":{"line":42,"column":39}},"loc":{"start":{"line":42,"column":52},"end":{"line":101,"column":1}}},"2":{"name":"(anonymous_2)","decl":{"start":{"line":73,"column":46},"end":{"line":73,"column":47}},"loc":{"start":{"line":73,"column":61},"end":{"line":73,"column":69}}}},"branchMap":{"0":{"loc":{"start":{"line":34,"column":4},"end":{"line":38,"column":null}},"type":"if","locations":[{"start":{"line":34,"column":4},"end":{"line":38,"column":null}},{"start":{"line":34,"column":4},"end":{"line":38,"column":null}}]},"1":{"loc":{"start":{"line":46,"column":4},"end":{"line":48,"column":null}},"type":"if","locations":[{"start":{"line":46,"column":4},"end":{"line":48,"column":null}},{"start":{"line":46,"column":4},"end":{"line":48,"column":null}}]},"2":{"loc":{"start":{"line":49,"column":25},"end":{"line":51,"column":20}},"type":"cond-expr","locations":[{"start":{"line":50,"column":10},"end":{"line":50,"column":87}},{"start":{"line":51,"column":10},"end":{"line":51,"column":20}}]},"3":{"loc":{"start":{"line":57,"column":8},"end":{"line":57,"column":26}},"type":"if","locations":[{"start":{"line":57,"column":8},"end":{"line":57,"column":26}},{"start":{"line":57,"column":8},"end":{"line":57,"column":26}}]},"4":{"loc":{"start":{"line":59,"column":8},"end":{"line":59,"column":32}},"type":"if","locations":[{"start":{"line":59,"column":8},"end":{"line":59,"column":32}},{"start":{"line":59,"column":8},"end":{"line":59,"column":32}}]},"5":{"loc":{"start":{"line":61,"column":8},"end":{"line":61,"column":55}},"type":"if","locations":[{"start":{"line":61,"column":8},"end":{"line":61,"column":55}},{"start":{"line":61,"column":8},"end":{"line":61,"column":55}}]},"6":{"loc":{"start":{"line":64,"column":23},"end":{"line":64,"column":67}},"type":"cond-expr","locations":[{"start":{"line":64,"column":35},"end":{"line":64,"column":62}},{"start":{"line":64,"column":65},"end":{"line":64,"column":67}}]},"7":{"loc":{"start":{"line":66,"column":8},"end":{"line":66,"column":53}},"type":"if","locations":[{"start":{"line":66,"column":8},"end":{"line":66,"column":53}},{"start":{"line":66,"column":8},"end":{"line":66,"column":53}}]},"8":{"loc":{"start":{"line":80,"column":8},"end":{"line":80,"column":26}},"type":"if","locations":[{"start":{"line":80,"column":8},"end":{"line":80,"column":26}},{"start":{"line":80,"column":8},"end":{"line":80,"column":26}}]},"9":{"loc":{"start":{"line":82,"column":8},"end":{"line":82,"column":32}},"type":"if","locations":[{"start":{"line":82,"column":8},"end":{"line":82,"column":32}},{"start":{"line":82,"column":8},"end":{"line":82,"column":32}}]},"10":{"loc":{"start":{"line":85,"column":8},"end":{"line":85,"column":32}},"type":"if","locations":[{"start":{"line":85,"column":8},"end":{"line":85,"column":32}},{"start":{"line":85,"column":8},"end":{"line":85,"column":32}}]},"11":{"loc":{"start":{"line":89,"column":12},"end":{"line":89,"column":32}},"type":"if","locations":[{"start":{"line":89,"column":12},"end":{"line":89,"column":32}},{"start":{"line":89,"column":12},"end":{"line":89,"column":32}}]},"12":{"loc":{"start":{"line":91,"column":12},"end":{"line":91,"column":34}},"type":"if","locations":[{"start":{"line":91,"column":12},"end":{"line":91,"column":34}},{"start":{"line":91,"column":12},"end":{"line":91,"column":34}}]},"13":{"loc":{"start":{"line":93,"column":12},"end":{"line":96,"column":null}},"type":"if","locations":[{"start":{"line":93,"column":12},"end":{"line":96,"column":null}},{"start":{"line":93,"column":12},"end":{"line":96,"column":null}}]},"14":{"loc":{"start":{"line":93,"column":16},"end":{"line":93,"column":63}},"type":"binary-expr","locations":[{"start":{"line":93,"column":16},"end":{"line":93,"column":30}},{"start":{"line":93,"column":34},"end":{"line":93,"column":45}},{"start":{"line":93,"column":49},"end":{"line":93,"column":63}}]}},"s":{"0":1,"1":1,"2":1,"3":1,"4":1,"5":1,"6":1,"7":1,"8":1,"9":1,"10":1,"11":1,"12":1,"13":1,"14":1,"15":1,"16":0,"17":1,"18":1,"19":1,"20":1,"21":3,"22":0,"23":3,"24":3,"25":0,"26":3,"27":3,"28":0,"29":3,"30":3,"31":3,"32":3,"33":3,"34":3,"35":3,"36":3,"37":1,"38":3,"39":0,"40":3,"41":3,"42":0,"43":3,"44":3,"45":3,"46":0,"47":3,"48":3,"49":3,"50":3,"51":0,"52":3,"53":3,"54":0,"55":3,"56":3,"57":3,"58":3,"59":1,"60":1},"f":{"0":1,"1":1,"2":3},"b":{"0":[1,0],"1":[0,1],"2":[0,1],"3":[0,3],"4":[0,3],"5":[0,3],"6":[3,0],"7":[3,0],"8":[0,3],"9":[0,3],"10":[0,3],"11":[0,3],"12":[0,3],"13":[3,0],"14":[3,3,3]}}
,"/workspace/ton-graph/src/parser/importHandler.ts": {"path":"/workspace/ton-graph/src/parser/importHandler.ts","statementMap":{"0":{"start":{"line":1,"column":0},"end":{"line":1,"column":33}},"1":{"start":{"line":2,"column":0},"end":{"line":2,"column":29}},"2":{"start":{"line":3,"column":0},"end":{"line":3,"column":25}},"3":{"start":{"line":4,"column":0},"end":{"line":4,"column":39}},"4":{"start":{"line":7,"column":20},"end":{"line":7,"column":53}},"5":{"start":{"line":8,"column":4},"end":{"line":10,"column":null}},"6":{"start":{"line":9,"column":8},"end":{"line":9,"column":20}},"7":{"start":{"line":14,"column":4},"end":{"line":19,"column":null}},"8":{"start":{"line":15,"column":8},"end":{"line":15,"column":63}},"9":{"start":{"line":18,"column":8},"end":{"line":18,"column":46}},"10":{"start":{"line":21,"column":4},"end":{"line":30,"column":7}},"11":{"start":{"line":23,"column":8},"end":{"line":27,"column":null}},"12":{"start":{"line":24,"column":12},"end":{"line":24,"column":63}},"13":{"start":{"line":26,"column":12},"end":{"line":26,"column":46}},"14":{"start":{"line":28,"column":25},"end":{"line":28,"column":67}},"15":{"start":{"line":29,"column":8},"end":{"line":29,"column":72}},"16":{"start":{"line":45,"column":40},"end":{"line":45,"column":42}},"17":{"start":{"line":46,"column":35},"end":{"line":46,"column":37}},"18":{"start":{"line":47,"column":29},"end":{"line":47,"column":31}},"19":{"start":{"line":48,"column":20},"end":{"line":48,"column":42}},"20":{"start":{"line":51,"column":25},"end":{"line":51,"column":48}},"21":{"start":{"line":54,"column":4},"end":{"line":97,"column":null}},"22":{"start":{"line":55,"column":28},"end":{"line":55,"column":36}},"23":{"start":{"line":56,"column":25},"end":{"line":56,"column":59}},"24":{"start":{"line":57,"column":8},"end":{"line":60,"column":null}},"25":{"start":{"line":58,"column":12},"end":{"line":58,"column":69}},"26":{"start":{"line":59,"column":12},"end":{"line":59,"column":21}},"27":{"start":{"line":62,"column":8},"end":{"line":65,"column":null}},"28":{"start":{"line":63,"column":12},"end":{"line":63,"column":34}},"29":{"start":{"line":64,"column":12},"end":{"line":64,"column":21}},"30":{"start":{"line":67,"column":8},"end":{"line":69,"column":null}},"31":{"start":{"line":68,"column":12},"end":{"line":68,"column":21}},"32":{"start":{"line":71,"column":8},"end":{"line":71,"column":30}},"33":{"start":{"line":72,"column":8},"end":{"line":72,"column":29}},"34":{"start":{"line":74,"column":8},"end":{"line":79,"column":null}},"35":{"start":{"line":75,"column":12},"end":{"line":75,"column":47}},"36":{"start":{"line":77,"column":12},"end":{"line":77,"column":65}},"37":{"start":{"line":78,"column":12},"end":{"line":78,"column":21}},"38":{"start":{"line":81,"column":8},"end":{"line":95,"column":null}},"39":{"start":{"line":82,"column":32},"end":{"line":82,"column":76}},"40":{"start":{"line":85,"column":12},"end":{"line":85,"column":43}},"41":{"start":{"line":86,"column":12},"end":{"line":86,"column":45}},"42":{"start":{"line":89,"column":34},"end":{"line":89,"column":97}},"43":{"start":{"line":90,"column":12},"end":{"line":90,"column":58}},"44":{"start":{"line":91,"column":12},"end":{"line":91,"column":71}},"45":{"start":{"line":92,"column":12},"end":{"line":92,"column":49}},"46":{"start":{"line":94,"column":12},"end":{"line":94,"column":71}},"47":{"start":{"line":96,"column":8},"end":{"line":96,"column":20}},"48":{"start":{"line":99,"column":4},"end":{"line":103,"column":6}},"49":{"start":{"line":39,"column":0},"end":{"line":39,"column":7}},"50":{"start":{"line":118,"column":40},"end":{"line":118,"column":42}},"51":{"start":{"line":119,"column":35},"end":{"line":119,"column":37}},"52":{"start":{"line":120,"column":29},"end":{"line":120,"column":31}},"53":{"start":{"line":121,"column":20},"end":{"line":121,"column":42}},"54":{"start":{"line":124,"column":24},"end":{"line":124,"column":45}},"55":{"start":{"line":127,"column":4},"end":{"line":195,"column":null}},"56":{"start":{"line":128,"column":27},"end":{"line":128,"column":35}},"57":{"start":{"line":130,"column":23},"end":{"line":130,"column":33}},"58":{"start":{"line":132,"column":8},"end":{"line":153,"column":null}},"59":{"start":{"line":135,"column":32},"end":{"line":135,"column":56}},"60":{"start":{"line":136,"column":32},"end":{"line":136,"column":79}},"61":{"start":{"line":138,"column":12},"end":{"line":144,"column":null}},"62":{"start":{"line":139,"column":16},"end":{"line":139,"column":39}},"63":{"start":{"line":142,"column":16},"end":{"line":142,"column":66}},"64":{"start":{"line":143,"column":16},"end":{"line":143,"column":25}},"65":{"start":{"line":147,"column":12},"end":{"line":147,"column":57}},"66":{"start":{"line":150,"column":12},"end":{"line":152,"column":null}},"67":{"start":{"line":151,"column":16},"end":{"line":151,"column":36}},"68":{"start":{"line":155,"column":8},"end":{"line":158,"column":null}},"69":{"start":{"line":156,"column":12},"end":{"line":156,"column":68}},"70":{"start":{"line":157,"column":12},"end":{"line":157,"column":21}},"71":{"start":{"line":160,"column":8},"end":{"line":163,"column":null}},"72":{"start":{"line":161,"column":12},"end":{"line":161,"column":34}},"73":{"start":{"line":162,"column":12},"end":{"line":162,"column":21}},"74":{"start":{"line":165,"column":8},"end":{"line":167,"column":null}},"75":{"start":{"line":166,"column":12},"end":{"line":166,"column":21}},"76":{"start":{"line":169,"column":8},"end":{"line":169,"column":30}},"77":{"start":{"line":170,"column":8},"end":{"line":170,"column":29}},"78":{"start":{"line":172,"column":8},"end":{"line":177,"column":null}},"79":{"start":{"line":173,"column":12},"end":{"line":173,"column":47}},"80":{"start":{"line":175,"column":12},"end":{"line":175,"column":65}},"81":{"start":{"line":176,"column":12},"end":{"line":176,"column":21}},"82":{"start":{"line":179,"column":8},"end":{"line":193,"column":null}},"83":{"start":{"line":180,"column":32},"end":{"line":180,"column":76}},"84":{"start":{"line":183,"column":12},"end":{"line":183,"column":43}},"85":{"start":{"line":184,"column":12},"end":{"line":184,"column":45}},"86":{"start":{"line":187,"column":34},"end":{"line":187,"column":97}},"87":{"start":{"line":188,"column":12},"end":{"line":188,"column":58}},"88":{"start":{"line":189,"column":12},"end":{"line":189,"column":71}},"89":{"start":{"line":190,"column":12},"end":{"line":190,"column":49}},"90":{"start":{"line":192,"column":12},"end":{"line":192,"column":71}},"91":{"start":{"line":194,"column":8},"end":{"line":194,"column":20}},"92":{"start":{"line":197,"column":4},"end":{"line":201,"column":6}},"93":{"start":{"line":112,"column":0},"end":{"line":112,"column":7}},"94":{"start":{"line":216,"column":40},"end":{"line":216,"column":42}},"95":{"start":{"line":217,"column":35},"end":{"line":217,"column":37}},"96":{"start":{"line":218,"column":29},"end":{"line":218,"column":31}},"97":{"start":{"line":219,"column":20},"end":{"line":219,"column":42}},"98":{"start":{"line":222,"column":24},"end":{"line":222,"column":45}},"99":{"start":{"line":225,"column":4},"end":{"line":293,"column":null}},"100":{"start":{"line":226,"column":27},"end":{"line":226,"column":35}},"101":{"start":{"line":228,"column":23},"end":{"line":228,"column":33}},"102":{"start":{"line":230,"column":8},"end":{"line":251,"column":null}},"103":{"start":{"line":233,"column":32},"end":{"line":233,"column":56}},"104":{"start":{"line":234,"column":32},"end":{"line":234,"column":79}},"105":{"start":{"line":236,"column":12},"end":{"line":242,"column":null}},"106":{"start":{"line":237,"column":16},"end":{"line":237,"column":39}},"107":{"start":{"line":240,"column":16},"end":{"line":240,"column":66}},"108":{"start":{"line":241,"column":16},"end":{"line":241,"column":25}},"109":{"start":{"line":245,"column":12},"end":{"line":245,"column":57}},"110":{"start":{"line":248,"column":12},"end":{"line":250,"column":null}},"111":{"start":{"line":249,"column":16},"end":{"line":249,"column":36}},"112":{"start":{"line":253,"column":8},"end":{"line":256,"column":null}},"113":{"start":{"line":254,"column":12},"end":{"line":254,"column":68}},"114":{"start":{"line":255,"column":12},"end":{"line":255,"column":21}},"115":{"start":{"line":258,"column":8},"end":{"line":261,"column":null}},"116":{"start":{"line":259,"column":12},"end":{"line":259,"column":34}},"117":{"start":{"line":260,"column":12},"end":{"line":260,"column":21}},"118":{"start":{"line":263,"column":8},"end":{"line":265,"column":null}},"119":{"start":{"line":264,"column":12},"end":{"line":264,"column":21}},"120":{"start":{"line":267,"column":8},"end":{"line":267,"column":30}},"121":{"start":{"line":268,"column":8},"end":{"line":268,"column":29}},"122":{"start":{"line":270,"column":8},"end":{"line":275,"column":null}},"123":{"start":{"line":271,"column":12},"end":{"line":271,"column":47}},"124":{"start":{"line":273,"column":12},"end":{"line":273,"column":65}},"125":{"start":{"line":274,"column":12},"end":{"line":274,"column":21}},"126":{"start":{"line":277,"column":8},"end":{"line":291,"column":null}},"127":{"start":{"line":278,"column":32},"end":{"line":278,"column":76}},"128":{"start":{"line":281,"column":12},"end":{"line":281,"column":43}},"129":{"start":{"line":282,"column":12},"end":{"line":282,"column":45}},"130":{"start":{"line":285,"column":34},"end":{"line":285,"column":97}},"131":{"start":{"line":286,"column":12},"end":{"line":286,"column":58}},"132":{"start":{"line":287,"column":12},"end":{"line":287,"column":71}},"133":{"start":{"line":288,"column":12},"end":{"line":288,"column":49}},"134":{"start":{"line":290,"column":12},"end":{"line":290,"column":71}},"135":{"start":{"line":292,"column":8},"end":{"line":292,"column":20}},"136":{"start":{"line":295,"column":4},"end":{"line":299,"column":6}},"137":{"start":{"line":210,"column":0},"end":{"line":210,"column":7}},"138":{"start":{"line":310,"column":20},"end":{"line":310,"column":37}},"139":{"start":{"line":311,"column":4},"end":{"line":320,"column":null}},"140":{"start":{"line":313,"column":12},"end":{"line":313,"column":63}},"141":{"start":{"line":315,"column":12},"end":{"line":315,"column":63}},"142":{"start":{"line":317,"column":12},"end":{"line":317,"column":63}},"143":{"start":{"line":319,"column":12},"end":{"line":319,"column":75}},"144":{"start":{"line":305,"column":0},"end":{"line":305,"column":7}}},"fnMap":{"0":{"name":"isPathInsideWorkspace","decl":{"start":{"line":6,"column":9},"end":{"line":6,"column":30}},"loc":{"start":{"line":6,"column":47},"end":{"line":31,"column":1}}},"1":{"name":"(anonymous_1)","decl":{"start":{"line":21,"column":24},"end":{"line":21,"column":30}},"loc":{"start":{"line":21,"column":33},"end":{"line":30,"column":5}}},"2":{"name":"processFuncImports","decl":{"start":{"line":39,"column":22},"end":{"line":39,"column":40}},"loc":{"start":{"line":43,"column":24},"end":{"line":104,"column":1}}},"3":{"name":"processTactImports","decl":{"start":{"line":112,"column":22},"end":{"line":112,"column":40}},"loc":{"start":{"line":116,"column":24},"end":{"line":202,"column":1}}},"4":{"name":"processTolkImports","decl":{"start":{"line":210,"column":22},"end":{"line":210,"column":40}},"loc":{"start":{"line":214,"column":24},"end":{"line":300,"column":1}}},"5":{"name":"processImports","decl":{"start":{"line":305,"column":22},"end":{"line":305,"column":36}},"loc":{"start":{"line":308,"column":20},"end":{"line":321,"column":1}}}},"branchMap":{"0":{"loc":{"start":{"line":8,"column":4},"end":{"line":10,"column":null}},"type":"if","locations":[{"start":{"line":8,"column":4},"end":{"line":10,"column":null}},{"start":{"line":8,"column":4},"end":{"line":10,"column":null}}]},"1":{"loc":{"start":{"line":29,"column":15},"end":{"line":29,"column":71}},"type":"binary-expr","locations":[{"start":{"line":29,"column":15},"end":{"line":29,"column":41}},{"start":{"line":29,"column":45},"end":{"line":29,"column":71}}]},"2":{"loc":{"start":{"line":42,"column":4},"end":{"line":42,"column":36}},"type":"default-arg","locations":[{"start":{"line":42,"column":27},"end":{"line":42,"column":36}}]},"3":{"loc":{"start":{"line":43,"column":4},"end":{"line":43,"column":24}},"type":"default-arg","locations":[{"start":{"line":43,"column":22},"end":{"line":43,"column":24}}]},"4":{"loc":{"start":{"line":57,"column":8},"end":{"line":60,"column":null}},"type":"if","locations":[{"start":{"line":57,"column":8},"end":{"line":60,"column":null}},{"start":{"line":57,"column":8},"end":{"line":60,"column":null}}]},"5":{"loc":{"start":{"line":62,"column":8},"end":{"line":65,"column":null}},"type":"if","locations":[{"start":{"line":62,"column":8},"end":{"line":65,"column":null}},{"start":{"line":62,"column":8},"end":{"line":65,"column":null}}]},"6":{"loc":{"start":{"line":67,"column":8},"end":{"line":69,"column":null}},"type":"if","locations":[{"start":{"line":67,"column":8},"end":{"line":69,"column":null}},{"start":{"line":67,"column":8},"end":{"line":69,"column":null}}]},"7":{"loc":{"start":{"line":115,"column":4},"end":{"line":115,"column":36}},"type":"default-arg","locations":[{"start":{"line":115,"column":27},"end":{"line":115,"column":36}}]},"8":{"loc":{"start":{"line":116,"column":4},"end":{"line":116,"column":24}},"type":"default-arg","locations":[{"start":{"line":116,"column":22},"end":{"line":116,"column":24}}]},"9":{"loc":{"start":{"line":132,"column":8},"end":{"line":153,"column":null}},"type":"if","locations":[{"start":{"line":132,"column":8},"end":{"line":153,"column":null}},{"start":{"line":132,"column":8},"end":{"line":153,"column":null}}]},"10":{"loc":{"start":{"line":138,"column":12},"end":{"line":144,"column":null}},"type":"if","locations":[{"start":{"line":138,"column":12},"end":{"line":144,"column":null}},{"start":{"line":138,"column":12},"end":{"line":144,"column":null}}]},"11":{"loc":{"start":{"line":150,"column":12},"end":{"line":152,"column":null}},"type":"if","locations":[{"start":{"line":150,"column":12},"end":{"line":152,"column":null}},{"start":{"line":150,"column":12},"end":{"line":152,"column":null}}]},"12":{"loc":{"start":{"line":155,"column":8},"end":{"line":158,"column":null}},"type":"if","locations":[{"start":{"line":155,"column":8},"end":{"line":158,"column":null}},{"start":{"line":155,"column":8},"end":{"line":158,"column":null}}]},"13":{"loc":{"start":{"line":160,"column":8},"end":{"line":163,"column":null}},"type":"if","locations":[{"start":{"line":160,"column":8},"end":{"line":163,"column":null}},{"start":{"line":160,"column":8},"end":{"line":163,"column":null}}]},"14":{"loc":{"start":{"line":165,"column":8},"end":{"line":167,"column":null}},"type":"if","locations":[{"start":{"line":165,"column":8},"end":{"line":167,"column":null}},{"start":{"line":165,"column":8},"end":{"line":167,"column":null}}]},"15":{"loc":{"start":{"line":213,"column":4},"end":{"line":213,"column":36}},"type":"default-arg","locations":[{"start":{"line":213,"column":27},"end":{"line":213,"column":36}}]},"16":{"loc":{"start":{"line":214,"column":4},"end":{"line":214,"column":24}},"type":"default-arg","locations":[{"start":{"line":214,"column":22},"end":{"line":214,"column":24}}]},"17":{"loc":{"start":{"line":230,"column":8},"end":{"line":251,"column":null}},"type":"if","locations":[{"start":{"line":230,"column":8},"end":{"line":251,"column":null}},{"start":{"line":230,"column":8},"end":{"line":251,"column":null}}]},"18":{"loc":{"start":{"line":236,"column":12},"end":{"line":242,"column":null}},"type":"if","locations":[{"start":{"line":236,"column":12},"end":{"line":242,"column":null}},{"start":{"line":236,"column":12},"end":{"line":242,"column":null}}]},"19":{"loc":{"start":{"line":248,"column":12},"end":{"line":250,"column":null}},"type":"if","locations":[{"start":{"line":248,"column":12},"end":{"line":250,"column":null}},{"start":{"line":248,"column":12},"end":{"line":250,"column":null}}]},"20":{"loc":{"start":{"line":253,"column":8},"end":{"line":256,"column":null}},"type":"if","locations":[{"start":{"line":253,"column":8},"end":{"line":256,"column":null}},{"start":{"line":253,"column":8},"end":{"line":256,"column":null}}]},"21":{"loc":{"start":{"line":258,"column":8},"end":{"line":261,"column":null}},"type":"if","locations":[{"start":{"line":258,"column":8},"end":{"line":261,"column":null}},{"start":{"line":258,"column":8},"end":{"line":261,"column":null}}]},"22":{"loc":{"start":{"line":263,"column":8},"end":{"line":265,"column":null}},"type":"if","locations":[{"start":{"line":263,"column":8},"end":{"line":265,"column":null}},{"start":{"line":263,"column":8},"end":{"line":265,"column":null}}]},"23":{"loc":{"start":{"line":311,"column":4},"end":{"line":320,"column":null}},"type":"switch","locations":[{"start":{"line":312,"column":8},"end":{"line":313,"column":63}},{"start":{"line":314,"column":8},"end":{"line":315,"column":63}},{"start":{"line":316,"column":8},"end":{"line":317,"column":63}},{"start":{"line":318,"column":8},"end":{"line":319,"column":75}}]}},"s":{"0":1,"1":1,"2":1,"3":1,"4":7,"5":7,"6":0,"7":7,"8":7,"9":1,"10":7,"11":7,"12":7,"13":0,"14":7,"15":7,"16":9,"17":9,"18":9,"19":9,"20":9,"21":9,"22":7,"23":7,"24":7,"25":2,"26":2,"27":5,"28":1,"29":1,"30":4,"31":0,"32":4,"33":4,"34":4,"35":4,"36":0,"37":0,"38":4,"39":4,"40":4,"41":4,"42":4,"43":4,"44":4,"45":4,"46":0,"47":4,"48":9,"49":1,"50":0,"51":0,"52":0,"53":0,"54":0,"55":0,"56":0,"57":0,"58":0,"59":0,"60":0,"61":0,"62":0,"63":0,"64":0,"65":0,"66":0,"67":0,"68":0,"69":0,"70":0,"71":0,"72":0,"73":0,"74":0,"75":0,"76":0,"77":0,"78":0,"79":0,"80":0,"81":0,"82":0,"83":0,"84":0,"85":0,"86":0,"87":0,"88":0,"89":0,"90":0,"91":0,"92":0,"93":1,"94":0,"95":0,"96":0,"97":0,"98":0,"99":0,"100":0,"101":0,"102":0,"103":0,"104":0,"105":0,"106":0,"107":0,"108":0,"109":0,"110":0,"111":0,"112":0,"113":0,"114":0,"115":0,"116":0,"117":0,"118":0,"119":0,"120":0,"121":0,"122":0,"123":0,"124":0,"125":0,"126":0,"127":0,"128":0,"129":0,"130":0,"131":0,"132":0,"133":0,"134":0,"135":0,"136":0,"137":1,"138":0,"139":0,"140":0,"141":0,"142":0,"143":0,"144":1},"f":{"0":7,"1":7,"2":9,"3":0,"4":0,"5":0},"b":{"0":[0,7],"1":[7,5],"2":[5],"3":[5],"4":[2,5],"5":[1,4],"6":[0,4],"7":[0],"8":[0],"9":[0,0],"10":[0,0],"11":[0,0],"12":[0,0],"13":[0,0],"14":[0,0],"15":[0],"16":[0],"17":[0,0],"18":[0,0],"19":[0,0],"20":[0,0],"21":[0,0],"22":[0,0],"23":[0,0,0,0]}}
,"/workspace/ton-graph/src/parser/parserUtils.ts": {"path":"/workspace/ton-graph/src/parser/parserUtils.ts","statementMap":{"0":{"start":{"line":1,"column":0},"end":{"line":1,"column":29}},"1":{"start":{"line":3,"column":0},"end":{"line":3,"column":49}},"2":{"start":{"line":4,"column":0},"end":{"line":4,"column":49}},"3":{"start":{"line":5,"column":0},"end":{"line":5,"column":49}},"4":{"start":{"line":6,"column":0},"end":{"line":6,"column":49}},"5":{"start":{"line":15,"column":22},"end":{"line":15,"column":58}},"6":{"start":{"line":17,"column":4},"end":{"line":21,"column":null}},"7":{"start":{"line":18,"column":8},"end":{"line":18,"column":22}},"8":{"start":{"line":19,"column":11},"end":{"line":21,"column":null}},"9":{"start":{"line":20,"column":8},"end":{"line":20,"column":22}},"10":{"start":{"line":24,"column":4},"end":{"line":24,"column":18}},"11":{"start":{"line":14,"column":0},"end":{"line":14,"column":16}},"12":{"start":{"line":31,"column":4},"end":{"line":39,"column":null}},"13":{"start":{"line":33,"column":12},"end":{"line":33,"column":49}},"14":{"start":{"line":35,"column":12},"end":{"line":35,"column":49}},"15":{"start":{"line":38,"column":12},"end":{"line":38,"column":49}},"16":{"start":{"line":30,"column":0},"end":{"line":30,"column":7}},"17":{"start":{"line":51,"column":29},"end":{"line":51,"column":75}},"18":{"start":{"line":54,"column":25},"end":{"line":54,"column":53}},"19":{"start":{"line":57,"column":4},"end":{"line":57,"column":59}},"20":{"start":{"line":45,"column":0},"end":{"line":45,"column":7}},"21":{"start":{"line":64,"column":4},"end":{"line":87,"column":null}},"22":{"start":{"line":66,"column":12},"end":{"line":71,"column":14}},"23":{"start":{"line":73,"column":12},"end":{"line":78,"column":14}},"24":{"start":{"line":81,"column":12},"end":{"line":86,"column":14}},"25":{"start":{"line":63,"column":0},"end":{"line":63,"column":16}}},"fnMap":{"0":{"name":"detectLanguage","decl":{"start":{"line":14,"column":16},"end":{"line":14,"column":30}},"loc":{"start":{"line":14,"column":47},"end":{"line":25,"column":1}}},"1":{"name":"parseContractByLanguage","decl":{"start":{"line":30,"column":22},"end":{"line":30,"column":45}},"loc":{"start":{"line":30,"column":86},"end":{"line":40,"column":1}}},"2":{"name":"parseContractWithImports","decl":{"start":{"line":45,"column":22},"end":{"line":45,"column":46}},"loc":{"start":{"line":48,"column":30},"end":{"line":58,"column":1}}},"3":{"name":"getFunctionTypeFilters","decl":{"start":{"line":63,"column":16},"end":{"line":63,"column":38}},"loc":{"start":{"line":63,"column":65},"end":{"line":88,"column":1}}}},"branchMap":{"0":{"loc":{"start":{"line":17,"column":4},"end":{"line":21,"column":null}},"type":"if","locations":[{"start":{"line":17,"column":4},"end":{"line":21,"column":null}},{"start":{"line":17,"column":4},"end":{"line":21,"column":null}}]},"1":{"loc":{"start":{"line":19,"column":11},"end":{"line":21,"column":null}},"type":"if","locations":[{"start":{"line":19,"column":11},"end":{"line":21,"column":null}},{"start":{"line":19,"column":11},"end":{"line":21,"column":null}}]},"2":{"loc":{"start":{"line":31,"column":4},"end":{"line":39,"column":null}},"type":"switch","locations":[{"start":{"line":32,"column":8},"end":{"line":33,"column":49}},{"start":{"line":34,"column":8},"end":{"line":35,"column":49}},{"start":{"line":36,"column":8},"end":{"line":36,"column":20}},{"start":{"line":37,"column":8},"end":{"line":38,"column":49}}]},"3":{"loc":{"start":{"line":64,"column":4},"end":{"line":87,"column":null}},"type":"switch","locations":[{"start":{"line":65,"column":8},"end":{"line":71,"column":14}},{"start":{"line":72,"column":8},"end":{"line":78,"column":14}},{"start":{"line":79,"column":8},"end":{"line":79,"column":20}},{"start":{"line":80,"column":8},"end":{"line":86,"column":14}}]}},"s":{"0":1,"1":1,"2":1,"3":1,"4":1,"5":0,"6":0,"7":0,"8":0,"9":0,"10":0,"11":1,"12":3,"13":1,"14":1,"15":1,"16":1,"17":0,"18":0,"19":0,"20":1,"21":0,"22":0,"23":0,"24":0,"25":1},"f":{"0":0,"1":3,"2":0,"3":0},"b":{"0":[0,0],"1":[0,0],"2":[1,1,1,1],"3":[0,0,0,0]}}
,"/workspace/ton-graph/src/parser/tactParser.ts": {"path":"/workspace/ton-graph/src/parser/tactParser.ts","statementMap":{"0":{"start":{"line":1,"column":0},"end":{"line":1,"column":29}},"1":{"start":{"line":2,"column":0},"end":{"line":2,"column":33}},"2":{"start":{"line":3,"column":0},"end":{"line":3,"column":27}},"3":{"start":{"line":5,"column":0},"end":{"line":5,"column":55}},"4":{"start":{"line":7,"column":14},"end":{"line":24,"column":2}},"5":{"start":{"line":27,"column":4},"end":{"line":27,"column":22}},"6":{"start":{"line":28,"column":32},"end":{"line":28,"column":34}},"7":{"start":{"line":30,"column":4},"end":{"line":35,"column":null}},"8":{"start":{"line":31,"column":8},"end":{"line":33,"column":null}},"9":{"start":{"line":32,"column":12},"end":{"line":32,"column":21}},"10":{"start":{"line":34,"column":8},"end":{"line":34,"column":23}},"11":{"start":{"line":36,"column":4},"end":{"line":36,"column":18}},"12":{"start":{"line":40,"column":19},"end":{"line":40,"column":33}},"13":{"start":{"line":41,"column":33},"end":{"line":41,"column":57}},"14":{"start":{"line":42,"column":25},"end":{"line":44,"column":20}},"15":{"start":{"line":46,"column":22},"end":{"line":46,"column":73}},"16":{"start":{"line":48,"column":12},"end":{"line":48,"column":13}},"17":{"start":{"line":49,"column":4},"end":{"line":104,"column":null}},"18":{"start":{"line":50,"column":20},"end":{"line":50,"column":29}},"19":{"start":{"line":51,"column":8},"end":{"line":103,"column":null}},"20":{"start":{"line":52,"column":23},"end":{"line":52,"column":32}},"21":{"start":{"line":53,"column":12},"end":{"line":56,"column":null}},"22":{"start":{"line":54,"column":16},"end":{"line":54,"column":33}},"23":{"start":{"line":55,"column":16},"end":{"line":55,"column":20}},"24":{"start":{"line":57,"column":12},"end":{"line":57,"column":16}},"25":{"start":{"line":58,"column":23},"end":{"line":58,"column":27}},"26":{"start":{"line":59,"column":12},"end":{"line":64,"column":null}},"27":{"start":{"line":60,"column":16},"end":{"line":63,"column":null}},"28":{"start":{"line":61,"column":20},"end":{"line":61,"column":43}},"29":{"start":{"line":62,"column":20},"end":{"line":62,"column":24}},"30":{"start":{"line":65,"column":12},"end":{"line":65,"column":73}},"31":{"start":{"line":65,"column":69},"end":{"line":65,"column":73}},"32":{"start":{"line":66,"column":12},"end":{"line":66,"column":16}},"33":{"start":{"line":67,"column":32},"end":{"line":67,"column":33}},"34":{"start":{"line":68,"column":24},"end":{"line":68,"column":25}},"35":{"start":{"line":69,"column":12},"end":{"line":76,"column":null}},"36":{"start":{"line":70,"column":16},"end":{"line":70,"column":57}},"37":{"start":{"line":70,"column":49},"end":{"line":70,"column":57}},"38":{"start":{"line":71,"column":16},"end":{"line":74,"column":null}},"39":{"start":{"line":72,"column":20},"end":{"line":72,"column":43}},"40":{"start":{"line":72,"column":37},"end":{"line":72,"column":43}},"41":{"start":{"line":73,"column":20},"end":{"line":73,"column":28}},"42":{"start":{"line":75,"column":16},"end":{"line":75,"column":20}},"43":{"start":{"line":77,"column":30},"end":{"line":77,"column":31}},"44":{"start":{"line":78,"column":12},"end":{"line":78,"column":16}},"45":{"start":{"line":79,"column":12},"end":{"line":79,"column":73}},"46":{"start":{"line":79,"column":69},"end":{"line":79,"column":73}},"47":{"start":{"line":80,"column":12},"end":{"line":80,"column":16}},"48":{"start":{"line":81,"column":30},"end":{"line":81,"column":31}},"49":{"start":{"line":82,"column":12},"end":{"line":82,"column":22}},"50":{"start":{"line":83,"column":12},"end":{"line":87,"column":null}},"51":{"start":{"line":84,"column":16},"end":{"line":85,"column":62}},"52":{"start":{"line":84,"column":49},"end":{"line":84,"column":57}},"53":{"start":{"line":85,"column":21},"end":{"line":85,"column":62}},"54":{"start":{"line":85,"column":54},"end":{"line":85,"column":62}},"55":{"start":{"line":86,"column":16},"end":{"line":86,"column":20}},"56":{"start":{"line":88,"column":28},"end":{"line":88,"column":33}},"57":{"start":{"line":89,"column":27},"end":{"line":89,"column":90}},"58":{"start":{"line":89,"column":73},"end":{"line":89,"column":80}},"59":{"start":{"line":90,"column":29},"end":{"line":90,"column":88}},"60":{"start":{"line":90,"column":71},"end":{"line":90,"column":78}},"61":{"start":{"line":91,"column":12},"end":{"line":91,"column":60}},"62":{"start":{"line":92,"column":39},"end":{"line":99,"column":14}},"63":{"start":{"line":97,"column":65},"end":{"line":97,"column":73}},"64":{"start":{"line":100,"column":12},"end":{"line":100,"column":35}},"65":{"start":{"line":102,"column":12},"end":{"line":102,"column":16}},"66":{"start":{"line":106,"column":26},"end":{"line":106,"column":54}},"67":{"start":{"line":107,"column":22},"end":{"line":107,"column":79}},"68":{"start":{"line":108,"column":4},"end":{"line":118,"column":null}},"69":{"start":{"line":109,"column":22},"end":{"line":109,"column":39}},"70":{"start":{"line":111,"column":8},"end":{"line":117,"column":null}},"71":{"start":{"line":112,"column":23},"end":{"line":112,"column":27}},"72":{"start":{"line":113,"column":12},"end":{"line":116,"column":null}},"73":{"start":{"line":114,"column":16},"end":{"line":114,"column":58}},"74":{"start":{"line":115,"column":16},"end":{"line":115,"column":30}},"75":{"start":{"line":120,"column":4},"end":{"line":120,"column":17}},"76":{"start":{"line":39,"column":0},"end":{"line":39,"column":7}}},"fnMap":{"0":{"name":"tokenize","decl":{"start":{"line":26,"column":9},"end":{"line":26,"column":17}},"loc":{"start":{"line":26,"column":30},"end":{"line":37,"column":1}}},"1":{"name":"parseTactContract","decl":{"start":{"line":39,"column":22},"end":{"line":39,"column":39}},"loc":{"start":{"line":39,"column":52},"end":{"line":121,"column":1}}},"2":{"name":"(anonymous_2)","decl":{"start":{"line":89,"column":68},"end":{"line":89,"column":69}},"loc":{"start":{"line":89,"column":73},"end":{"line":89,"column":80}}},"3":{"name":"(anonymous_3)","decl":{"start":{"line":90,"column":66},"end":{"line":90,"column":67}},"loc":{"start":{"line":90,"column":71},"end":{"line":90,"column":78}}},"4":{"name":"(anonymous_4)","decl":{"start":{"line":97,"column":50},"end":{"line":97,"column":51}},"loc":{"start":{"line":97,"column":65},"end":{"line":97,"column":73}}}},"branchMap":{"0":{"loc":{"start":{"line":31,"column":8},"end":{"line":33,"column":null}},"type":"if","locations":[{"start":{"line":31,"column":8},"end":{"line":33,"column":null}},{"start":{"line":31,"column":8},"end":{"line":33,"column":null}}]},"1":{"loc":{"start":{"line":31,"column":12},"end":{"line":31,"column":80}},"type":"binary-expr","locations":[{"start":{"line":31,"column":12},"end":{"line":31,"column":18}},{"start":{"line":31,"column":22},"end":{"line":31,"column":80}}]},"2":{"loc":{"start":{"line":42,"column":25},"end":{"line":44,"column":20}},"type":"cond-expr","locations":[{"start":{"line":43,"column":10},"end":{"line":43,"column":87}},{"start":{"line":44,"column":10},"end":{"line":44,"column":20}}]},"3":{"loc":{"start":{"line":51,"column":8},"end":{"line":103,"column":null}},"type":"if","locations":[{"start":{"line":51,"column":8},"end":{"line":103,"column":null}},{"start":{"line":51,"column":8},"end":{"line":103,"column":null}}]},"4":{"loc":{"start":{"line":51,"column":12},"end":{"line":51,"column":91}},"type":"binary-expr","locations":[{"start":{"line":51,"column":12},"end":{"line":51,"column":34}},{"start":{"line":51,"column":38},"end":{"line":51,"column":91}}]},"5":{"loc":{"start":{"line":53,"column":12},"end":{"line":56,"column":null}},"type":"if","locations":[{"start":{"line":53,"column":12},"end":{"line":56,"column":null}},{"start":{"line":53,"column":12},"end":{"line":56,"column":null}}]},"6":{"loc":{"start":{"line":53,"column":16},"end":{"line":53,"column":80}},"type":"binary-expr","locations":[{"start":{"line":53,"column":16},"end":{"line":53,"column":30}},{"start":{"line":53,"column":34},"end":{"line":53,"column":47}},{"start":{"line":53,"column":51},"end":{"line":53,"column":80}}]},"7":{"loc":{"start":{"line":59,"column":12},"end":{"line":64,"column":null}},"type":"if","locations":[{"start":{"line":59,"column":12},"end":{"line":64,"column":null}},{"start":{"line":59,"column":12},"end":{"line":64,"column":null}}]},"8":{"loc":{"start":{"line":59,"column":16},"end":{"line":59,"column":52}},"type":"binary-expr","locations":[{"start":{"line":59,"column":16},"end":{"line":59,"column":30}},{"start":{"line":59,"column":34},"end":{"line":59,"column":52}}]},"9":{"loc":{"start":{"line":60,"column":16},"end":{"line":63,"column":null}},"type":"if","locations":[{"start":{"line":60,"column":16},"end":{"line":63,"column":null}},{"start":{"line":60,"column":16},"end":{"line":63,"column":null}}]},"10":{"loc":{"start":{"line":60,"column":20},"end":{"line":60,"column":64}},"type":"binary-expr","locations":[{"start":{"line":60,"column":20},"end":{"line":60,"column":29}},{"start":{"line":60,"column":33},"end":{"line":60,"column":64}}]},"11":{"loc":{"start":{"line":65,"column":19},"end":{"line":65,"column":67}},"type":"binary-expr","locations":[{"start":{"line":65,"column":19},"end":{"line":65,"column":36}},{"start":{"line":65,"column":40},"end":{"line":65,"column":67}}]},"12":{"loc":{"start":{"line":70,"column":16},"end":{"line":70,"column":57}},"type":"if","locations":[{"start":{"line":70,"column":16},"end":{"line":70,"column":57}},{"start":{"line":70,"column":16},"end":{"line":70,"column":57}}]},"13":{"loc":{"start":{"line":71,"column":16},"end":{"line":74,"column":null}},"type":"if","locations":[{"start":{"line":71,"column":16},"end":{"line":74,"column":null}},{"start":{"line":71,"column":16},"end":{"line":74,"column":null}}]},"14":{"loc":{"start":{"line":72,"column":20},"end":{"line":72,"column":43}},"type":"if","locations":[{"start":{"line":72,"column":20},"end":{"line":72,"column":43}},{"start":{"line":72,"column":20},"end":{"line":72,"column":43}}]},"15":{"loc":{"start":{"line":79,"column":19},"end":{"line":79,"column":67}},"type":"binary-expr","locations":[{"start":{"line":79,"column":19},"end":{"line":79,"column":36}},{"start":{"line":79,"column":40},"end":{"line":79,"column":67}}]},"16":{"loc":{"start":{"line":83,"column":19},"end":{"line":83,"column":49}},"type":"binary-expr","locations":[{"start":{"line":83,"column":19},"end":{"line":83,"column":36}},{"start":{"line":83,"column":40},"end":{"line":83,"column":49}}]},"17":{"loc":{"start":{"line":84,"column":16},"end":{"line":85,"column":62}},"type":"if","locations":[{"start":{"line":84,"column":16},"end":{"line":85,"column":62}},{"start":{"line":84,"column":16},"end":{"line":85,"column":62}}]},"18":{"loc":{"start":{"line":85,"column":21},"end":{"line":85,"column":62}},"type":"if","locations":[{"start":{"line":85,"column":21},"end":{"line":85,"column":62}},{"start":{"line":85,"column":21},"end":{"line":85,"column":62}}]},"19":{"loc":{"start":{"line":113,"column":12},"end":{"line":116,"column":null}},"type":"if","locations":[{"start":{"line":113,"column":12},"end":{"line":116,"column":null}},{"start":{"line":113,"column":12},"end":{"line":116,"column":null}}]},"20":{"loc":{"start":{"line":113,"column":16},"end":{"line":113,"column":45}},"type":"binary-expr","locations":[{"start":{"line":113,"column":16},"end":{"line":113,"column":27}},{"start":{"line":113,"column":31},"end":{"line":113,"column":45}}]}},"s":{"0":1,"1":1,"2":1,"3":1,"4":1,"5":1,"6":1,"7":1,"8":72,"9":33,"10":39,"11":1,"12":1,"13":1,"14":1,"15":1,"16":1,"17":1,"18":8,"19":8,"20":4,"21":4,"22":0,"23":0,"24":4,"25":4,"26":4,"27":2,"28":2,"29":2,"30":4,"31":0,"32":4,"33":4,"34":4,"35":4,"36":5,"37":0,"38":5,"39":4,"40":4,"41":0,"42":1,"43":4,"44":4,"45":4,"46":0,"47":4,"48":4,"49":4,"50":4,"51":16,"52":0,"53":16,"54":4,"55":16,"56":4,"57":4,"58":1,"59":4,"60":12,"61":4,"62":4,"63":4,"64":4,"65":4,"66":1,"67":1,"68":1,"69":4,"70":4,"71":3,"72":3,"73":3,"74":3,"75":1,"76":1},"f":{"0":1,"1":1,"2":1,"3":12,"4":4},"b":{"0":[33,39],"1":[72,72],"2":[0,1],"3":[4,4],"4":[8,4],"5":[0,4],"6":[4,0,0],"7":[2,2],"8":[4,2],"9":[2,0],"10":[2,2],"11":[4,4],"12":[0,5],"13":[4,1],"14":[4,0],"15":[4,4],"16":[20,20],"17":[0,16],"18":[4,12],"19":[3,0],"20":[3,3]}}
,"/workspace/ton-graph/src/parser/tolkParser.ts": {"path":"/workspace/ton-graph/src/parser/tolkParser.ts","statementMap":{"0":{"start":{"line":1,"column":0},"end":{"line":1,"column":29}},"1":{"start":{"line":2,"column":0},"end":{"line":2,"column":33}},"2":{"start":{"line":4,"column":0},"end":{"line":4,"column":55}},"3":{"start":{"line":7,"column":27},"end":{"line":15,"column":2}},"4":{"start":{"line":20,"column":17},"end":{"line":20,"column":52}},"5":{"start":{"line":22,"column":4},"end":{"line":22,"column":53}},"6":{"start":{"line":23,"column":4},"end":{"line":23,"column":18}},"7":{"start":{"line":28,"column":23},"end":{"line":28,"column":40}},"8":{"start":{"line":31,"column":24},"end":{"line":31,"column":89}},"9":{"start":{"line":34,"column":4},"end":{"line":37,"column":null}},"10":{"start":{"line":36,"column":8},"end":{"line":36,"column":33}},"11":{"start":{"line":39,"column":4},"end":{"line":39,"column":22}},"12":{"start":{"line":65,"column":48},"end":{"line":65,"column":50}},"13":{"start":{"line":66,"column":4},"end":{"line":95,"column":null}},"14":{"start":{"line":66,"column":17},"end":{"line":66,"column":18}},"15":{"start":{"line":67,"column":30},"end":{"line":67,"column":124}},"16":{"start":{"line":68,"column":8},"end":{"line":94,"column":null}},"17":{"start":{"line":69,"column":26},"end":{"line":69,"column":44}},"18":{"start":{"line":70,"column":29},"end":{"line":70,"column":45}},"19":{"start":{"line":72,"column":31},"end":{"line":72,"column":48}},"20":{"start":{"line":73,"column":32},"end":{"line":73,"column":40}},"21":{"start":{"line":74,"column":29},"end":{"line":74,"column":54}},"22":{"start":{"line":77,"column":35},"end":{"line":77,"column":51}},"23":{"start":{"line":78,"column":12},"end":{"line":80,"column":null}},"24":{"start":{"line":79,"column":16},"end":{"line":79,"column":50}},"25":{"start":{"line":82,"column":12},"end":{"line":87,"column":null}},"26":{"start":{"line":83,"column":39},"end":{"line":83,"column":77}},"27":{"start":{"line":84,"column":16},"end":{"line":86,"column":null}},"28":{"start":{"line":85,"column":20},"end":{"line":85,"column":53}},"29":{"start":{"line":89,"column":12},"end":{"line":91,"column":null}},"30":{"start":{"line":90,"column":16},"end":{"line":90,"column":25}},"31":{"start":{"line":93,"column":12},"end":{"line":93,"column":83}},"32":{"start":{"line":96,"column":4},"end":{"line":96,"column":24}},"33":{"start":{"line":64,"column":0},"end":{"line":64,"column":16}},"34":{"start":{"line":106,"column":26},"end":{"line":106,"column":42}},"35":{"start":{"line":107,"column":20},"end":{"line":107,"column":29}},"36":{"start":{"line":108,"column":21},"end":{"line":108,"column":64}},"37":{"start":{"line":109,"column":22},"end":{"line":109,"column":65}},"38":{"start":{"line":111,"column":4},"end":{"line":116,"column":null}},"39":{"start":{"line":112,"column":8},"end":{"line":112,"column":20}},"40":{"start":{"line":113,"column":8},"end":{"line":113,"column":51}},"41":{"start":{"line":114,"column":8},"end":{"line":114,"column":67}},"42":{"start":{"line":115,"column":8},"end":{"line":115,"column":68}},"43":{"start":{"line":118,"column":23},"end":{"line":118,"column":74}},"44":{"start":{"line":119,"column":19},"end":{"line":119,"column":50}},"45":{"start":{"line":120,"column":4},"end":{"line":120,"column":42}},"46":{"start":{"line":105,"column":0},"end":{"line":105,"column":16}},"47":{"start":{"line":130,"column":19},"end":{"line":130,"column":21}},"48":{"start":{"line":131,"column":16},"end":{"line":131,"column":21}},"49":{"start":{"line":132,"column":4},"end":{"line":152,"column":null}},"50":{"start":{"line":132,"column":17},"end":{"line":132,"column":25}},"51":{"start":{"line":133,"column":8},"end":{"line":151,"column":null}},"52":{"start":{"line":134,"column":29},"end":{"line":134,"column":30}},"53":{"start":{"line":135,"column":40},"end":{"line":135,"column":42}},"54":{"start":{"line":136,"column":12},"end":{"line":142,"column":null}},"55":{"start":{"line":136,"column":25},"end":{"line":136,"column":30}},"56":{"start":{"line":137,"column":16},"end":{"line":137,"column":66}},"57":{"start":{"line":138,"column":16},"end":{"line":138,"column":66}},"58":{"start":{"line":139,"column":16},"end":{"line":141,"column":null}},"59":{"start":{"line":140,"column":20},"end":{"line":140,"column":45}},"60":{"start":{"line":143,"column":12},"end":{"line":143,"column":44}},"61":{"start":{"line":144,"column":12},"end":{"line":144,"column":18}},"62":{"start":{"line":145,"column":15},"end":{"line":151,"column":null}},"63":{"start":{"line":146,"column":12},"end":{"line":146,"column":25}},"64":{"start":{"line":147,"column":28},"end":{"line":147,"column":36}},"65":{"start":{"line":148,"column":34},"end":{"line":148,"column":75}},"66":{"start":{"line":149,"column":12},"end":{"line":149,"column":47}},"67":{"start":{"line":150,"column":12},"end":{"line":150,"column":18}},"68":{"start":{"line":153,"column":4},"end":{"line":153,"column":37}},"69":{"start":{"line":129,"column":0},"end":{"line":129,"column":16}},"70":{"start":{"line":163,"column":4},"end":{"line":165,"column":null}},"71":{"start":{"line":164,"column":8},"end":{"line":164,"column":21}},"72":{"start":{"line":166,"column":4},"end":{"line":168,"column":null}},"73":{"start":{"line":167,"column":8},"end":{"line":167,"column":26}},"74":{"start":{"line":169,"column":4},"end":{"line":171,"column":null}},"75":{"start":{"line":170,"column":8},"end":{"line":170,"column":28}},"76":{"start":{"line":172,"column":4},"end":{"line":172,"column":17}},"77":{"start":{"line":162,"column":0},"end":{"line":162,"column":16}},"78":{"start":{"line":181,"column":31},"end":{"line":181,"column":33}},"79":{"start":{"line":182,"column":26},"end":{"line":182,"column":90}},"80":{"start":{"line":182,"column":70},"end":{"line":182,"column":89}},"81":{"start":{"line":183,"column":22},"end":{"line":183,"column":79}},"82":{"start":{"line":185,"column":4},"end":{"line":210,"column":7}},"83":{"start":{"line":186,"column":25},"end":{"line":186,"column":34}},"84":{"start":{"line":187,"column":27},"end":{"line":187,"column":44}},"85":{"start":{"line":190,"column":8},"end":{"line":207,"column":null}},"86":{"start":{"line":191,"column":35},"end":{"line":191,"column":43}},"87":{"start":{"line":192,"column":12},"end":{"line":206,"column":null}},"88":{"start":{"line":193,"column":34},"end":{"line":193,"column":77}},"89":{"start":{"line":194,"column":32},"end":{"line":194,"column":67}},"90":{"start":{"line":195,"column":29},"end":{"line":195,"column":102}},"91":{"start":{"line":196,"column":36},"end":{"line":196,"column":78}},"92":{"start":{"line":197,"column":16},"end":{"line":199,"column":null}},"93":{"start":{"line":198,"column":20},"end":{"line":198,"column":29}},"94":{"start":{"line":201,"column":32},"end":{"line":201,"column":64}},"95":{"start":{"line":202,"column":16},"end":{"line":205,"column":null}},"96":{"start":{"line":203,"column":20},"end":{"line":203,"column":82}},"97":{"start":{"line":204,"column":20},"end":{"line":204,"column":44}},"98":{"start":{"line":209,"column":8},"end":{"line":209,"column":32}},"99":{"start":{"line":212,"column":4},"end":{"line":212,"column":17}},"100":{"start":{"line":180,"column":0},"end":{"line":180,"column":16}},"101":{"start":{"line":216,"column":33},"end":{"line":216,"column":57}},"102":{"start":{"line":218,"column":23},"end":{"line":218,"column":33}},"103":{"start":{"line":219,"column":19},"end":{"line":219,"column":49}},"104":{"start":{"line":220,"column":4},"end":{"line":223,"column":null}},"105":{"start":{"line":221,"column":25},"end":{"line":221,"column":64}},"106":{"start":{"line":222,"column":8},"end":{"line":222,"column":46}},"107":{"start":{"line":225,"column":27},"end":{"line":225,"column":54}},"108":{"start":{"line":226,"column":24},"end":{"line":226,"column":62}},"109":{"start":{"line":228,"column":28},"end":{"line":228,"column":64}},"110":{"start":{"line":229,"column":18},"end":{"line":229,"column":41}},"111":{"start":{"line":231,"column":25},"end":{"line":231,"column":73}},"112":{"start":{"line":232,"column":22},"end":{"line":232,"column":57}},"113":{"start":{"line":234,"column":4},"end":{"line":249,"column":null}},"114":{"start":{"line":235,"column":36},"end":{"line":235,"column":74}},"115":{"start":{"line":236,"column":25},"end":{"line":236,"column":52}},"116":{"start":{"line":237,"column":8},"end":{"line":239,"column":null}},"117":{"start":{"line":238,"column":12},"end":{"line":238,"column":21}},"118":{"start":{"line":240,"column":21},"end":{"line":240,"column":71}},"119":{"start":{"line":241,"column":8},"end":{"line":248,"column":11}},"120":{"start":{"line":251,"column":4},"end":{"line":261,"column":7}},"121":{"start":{"line":252,"column":35},"end":{"line":259,"column":10}},"122":{"start":{"line":257,"column":56},"end":{"line":257,"column":64}},"123":{"start":{"line":257,"column":78},"end":{"line":257,"column":79}},"124":{"start":{"line":260,"column":8},"end":{"line":260,"column":31}},"125":{"start":{"line":263,"column":4},"end":{"line":263,"column":57}},"126":{"start":{"line":265,"column":4},"end":{"line":265,"column":17}},"127":{"start":{"line":215,"column":0},"end":{"line":215,"column":7}}},"fnMap":{"0":{"name":"removeCommentsFromCode","decl":{"start":{"line":18,"column":9},"end":{"line":18,"column":31}},"loc":{"start":{"line":18,"column":44},"end":{"line":24,"column":1}}},"1":{"name":"identifyGlobalVariables","decl":{"start":{"line":27,"column":9},"end":{"line":27,"column":32}},"loc":{"start":{"line":27,"column":45},"end":{"line":40,"column":1}}},"2":{"name":"findFunctionDeclarations","decl":{"start":{"line":64,"column":16},"end":{"line":64,"column":40}},"loc":{"start":{"line":64,"column":86},"end":{"line":97,"column":1}}},"3":{"name":"parseParameters","decl":{"start":{"line":105,"column":16},"end":{"line":105,"column":31}},"loc":{"start":{"line":105,"column":66},"end":{"line":121,"column":1}}},"4":{"name":"extractBody","decl":{"start":{"line":129,"column":16},"end":{"line":129,"column":27}},"loc":{"start":{"line":129,"column":61},"end":{"line":154,"column":1}}},"5":{"name":"determineFunctionType","decl":{"start":{"line":162,"column":16},"end":{"line":162,"column":37}},"loc":{"start":{"line":162,"column":77},"end":{"line":173,"column":1}}},"6":{"name":"analyzeFunctionCalls","decl":{"start":{"line":180,"column":16},"end":{"line":180,"column":36}},"loc":{"start":{"line":180,"column":77},"end":{"line":213,"column":1}}},"7":{"name":"(anonymous_7)","decl":{"start":{"line":182,"column":60},"end":{"line":182,"column":61}},"loc":{"start":{"line":182,"column":70},"end":{"line":182,"column":89}}},"8":{"name":"(anonymous_8)","decl":{"start":{"line":185,"column":22},"end":{"line":185,"column":23}},"loc":{"start":{"line":185,"column":41},"end":{"line":210,"column":5}}},"9":{"name":"parseTolkContract","decl":{"start":{"line":215,"column":22},"end":{"line":215,"column":39}},"loc":{"start":{"line":215,"column":52},"end":{"line":266,"column":1}}},"10":{"name":"(anonymous_10)","decl":{"start":{"line":251,"column":22},"end":{"line":251,"column":26}},"loc":{"start":{"line":251,"column":29},"end":{"line":261,"column":5}}},"11":{"name":"(anonymous_11)","decl":{"start":{"line":257,"column":51},"end":{"line":257,"column":52}},"loc":{"start":{"line":257,"column":56},"end":{"line":257,"column":64}}},"12":{"name":"(anonymous_12)","decl":{"start":{"line":257,"column":73},"end":{"line":257,"column":74}},"loc":{"start":{"line":257,"column":78},"end":{"line":257,"column":79}}}},"branchMap":{"0":{"loc":{"start":{"line":68,"column":8},"end":{"line":94,"column":null}},"type":"if","locations":[{"start":{"line":68,"column":8},"end":{"line":94,"column":null}},{"start":{"line":68,"column":8},"end":{"line":94,"column":null}}]},"1":{"loc":{"start":{"line":74,"column":29},"end":{"line":74,"column":54}},"type":"cond-expr","locations":[{"start":{"line":74,"column":37},"end":{"line":74,"column":49}},{"start":{"line":74,"column":52},"end":{"line":74,"column":54}}]},"2":{"loc":{"start":{"line":82,"column":12},"end":{"line":87,"column":null}},"type":"if","locations":[{"start":{"line":82,"column":12},"end":{"line":87,"column":null}},{"start":{"line":82,"column":12},"end":{"line":87,"column":null}}]},"3":{"loc":{"start":{"line":82,"column":16},"end":{"line":82,"column":76}},"type":"binary-expr","locations":[{"start":{"line":82,"column":16},"end":{"line":82,"column":47}},{"start":{"line":82,"column":51},"end":{"line":82,"column":76}}]},"4":{"loc":{"start":{"line":83,"column":39},"end":{"line":83,"column":77}},"type":"binary-expr","locations":[{"start":{"line":83,"column":39},"end":{"line":83,"column":71}},{"start":{"line":83,"column":75},"end":{"line":83,"column":77}}]},"5":{"loc":{"start":{"line":89,"column":12},"end":{"line":91,"column":null}},"type":"if","locations":[{"start":{"line":89,"column":12},"end":{"line":91,"column":null}},{"start":{"line":89,"column":12},"end":{"line":91,"column":null}}]},"6":{"loc":{"start":{"line":89,"column":16},"end":{"line":89,"column":81}},"type":"binary-expr","locations":[{"start":{"line":89,"column":16},"end":{"line":89,"column":48}},{"start":{"line":89,"column":52},"end":{"line":89,"column":81}}]},"7":{"loc":{"start":{"line":108,"column":22},"end":{"line":108,"column":56}},"type":"binary-expr","locations":[{"start":{"line":108,"column":22},"end":{"line":108,"column":50}},{"start":{"line":108,"column":54},"end":{"line":108,"column":56}}]},"8":{"loc":{"start":{"line":109,"column":23},"end":{"line":109,"column":57}},"type":"binary-expr","locations":[{"start":{"line":109,"column":23},"end":{"line":109,"column":51}},{"start":{"line":109,"column":55},"end":{"line":109,"column":57}}]},"9":{"loc":{"start":{"line":111,"column":11},"end":{"line":111,"column":67}},"type":"binary-expr","locations":[{"start":{"line":111,"column":11},"end":{"line":111,"column":35}},{"start":{"line":111,"column":39},"end":{"line":111,"column":67}}]},"10":{"loc":{"start":{"line":114,"column":23},"end":{"line":114,"column":58}},"type":"binary-expr","locations":[{"start":{"line":114,"column":23},"end":{"line":114,"column":52}},{"start":{"line":114,"column":56},"end":{"line":114,"column":58}}]},"11":{"loc":{"start":{"line":115,"column":24},"end":{"line":115,"column":59}},"type":"binary-expr","locations":[{"start":{"line":115,"column":24},"end":{"line":115,"column":53}},{"start":{"line":115,"column":57},"end":{"line":115,"column":59}}]},"12":{"loc":{"start":{"line":119,"column":19},"end":{"line":119,"column":50}},"type":"cond-expr","locations":[{"start":{"line":119,"column":32},"end":{"line":119,"column":45}},{"start":{"line":119,"column":48},"end":{"line":119,"column":50}}]},"13":{"loc":{"start":{"line":133,"column":8},"end":{"line":151,"column":null}},"type":"if","locations":[{"start":{"line":133,"column":8},"end":{"line":151,"column":null}},{"start":{"line":133,"column":8},"end":{"line":151,"column":null}}]},"14":{"loc":{"start":{"line":136,"column":32},"end":{"line":136,"column":66}},"type":"binary-expr","locations":[{"start":{"line":136,"column":32},"end":{"line":136,"column":48}},{"start":{"line":136,"column":52},"end":{"line":136,"column":66}}]},"15":{"loc":{"start":{"line":137,"column":31},"end":{"line":137,"column":57}},"type":"binary-expr","locations":[{"start":{"line":137,"column":31},"end":{"line":137,"column":51}},{"start":{"line":137,"column":55},"end":{"line":137,"column":57}}]},"16":{"loc":{"start":{"line":138,"column":31},"end":{"line":138,"column":57}},"type":"binary-expr","locations":[{"start":{"line":138,"column":31},"end":{"line":138,"column":51}},{"start":{"line":138,"column":55},"end":{"line":138,"column":57}}]},"17":{"loc":{"start":{"line":139,"column":16},"end":{"line":141,"column":null}},"type":"if","locations":[{"start":{"line":139,"column":16},"end":{"line":141,"column":null}},{"start":{"line":139,"column":16},"end":{"line":141,"column":null}}]},"18":{"loc":{"start":{"line":145,"column":15},"end":{"line":151,"column":null}},"type":"if","locations":[{"start":{"line":145,"column":15},"end":{"line":151,"column":null}},{"start":{"line":145,"column":15},"end":{"line":151,"column":null}}]},"19":{"loc":{"start":{"line":148,"column":34},"end":{"line":148,"column":75}},"type":"binary-expr","locations":[{"start":{"line":148,"column":34},"end":{"line":148,"column":69}},{"start":{"line":148,"column":73},"end":{"line":148,"column":75}}]},"20":{"loc":{"start":{"line":163,"column":4},"end":{"line":165,"column":null}},"type":"if","locations":[{"start":{"line":163,"column":4},"end":{"line":165,"column":null}},{"start":{"line":163,"column":4},"end":{"line":165,"column":null}}]},"21":{"loc":{"start":{"line":166,"column":4},"end":{"line":168,"column":null}},"type":"if","locations":[{"start":{"line":166,"column":4},"end":{"line":168,"column":null}},{"start":{"line":166,"column":4},"end":{"line":168,"column":null}}]},"22":{"loc":{"start":{"line":169,"column":4},"end":{"line":171,"column":null}},"type":"if","locations":[{"start":{"line":169,"column":4},"end":{"line":171,"column":null}},{"start":{"line":169,"column":4},"end":{"line":171,"column":null}}]},"23":{"loc":{"start":{"line":192,"column":12},"end":{"line":206,"column":null}},"type":"if","locations":[{"start":{"line":192,"column":12},"end":{"line":206,"column":null}},{"start":{"line":192,"column":12},"end":{"line":206,"column":null}}]},"24":{"loc":{"start":{"line":192,"column":16},"end":{"line":192,"column":61}},"type":"binary-expr","locations":[{"start":{"line":192,"column":16},"end":{"line":192,"column":30}},{"start":{"line":192,"column":34},"end":{"line":192,"column":61}}]},"25":{"loc":{"start":{"line":195,"column":59},"end":{"line":195,"column":101}},"type":"cond-expr","locations":[{"start":{"line":195,"column":76},"end":{"line":195,"column":91}},{"start":{"line":195,"column":94},"end":{"line":195,"column":101}}]},"26":{"loc":{"start":{"line":197,"column":16},"end":{"line":199,"column":null}},"type":"if","locations":[{"start":{"line":197,"column":16},"end":{"line":199,"column":null}},{"start":{"line":197,"column":16},"end":{"line":199,"column":null}}]},"27":{"loc":{"start":{"line":197,"column":20},"end":{"line":197,"column":75}},"type":"binary-expr","locations":[{"start":{"line":197,"column":20},"end":{"line":197,"column":46}},{"start":{"line":197,"column":50},"end":{"line":197,"column":75}}]},"28":{"loc":{"start":{"line":202,"column":16},"end":{"line":205,"column":null}},"type":"if","locations":[{"start":{"line":202,"column":16},"end":{"line":205,"column":null}},{"start":{"line":202,"column":16},"end":{"line":205,"column":null}}]},"29":{"loc":{"start":{"line":220,"column":4},"end":{"line":223,"column":null}},"type":"if","locations":[{"start":{"line":220,"column":4},"end":{"line":223,"column":null}},{"start":{"line":220,"column":4},"end":{"line":223,"column":null}}]},"30":{"loc":{"start":{"line":237,"column":8},"end":{"line":239,"column":null}},"type":"if","locations":[{"start":{"line":237,"column":8},"end":{"line":239,"column":null}},{"start":{"line":237,"column":8},"end":{"line":239,"column":null}}]}},"s":{"0":1,"1":1,"2":1,"3":1,"4":1,"5":1,"6":1,"7":1,"8":1,"9":1,"10":0,"11":1,"12":4,"13":4,"14":4,"15":32,"16":32,"17":8,"18":8,"19":8,"20":8,"21":8,"22":8,"23":8,"24":0,"25":8,"26":0,"27":0,"28":0,"29":8,"30":0,"31":8,"32":4,"33":1,"34":5,"35":5,"36":5,"37":5,"38":5,"39":0,"40":0,"41":0,"42":0,"43":5,"44":5,"45":5,"46":1,"47":5,"48":5,"49":5,"50":5,"51":5,"52":5,"53":5,"54":5,"55":5,"56":10,"57":10,"58":10,"59":5,"60":5,"61":5,"62":0,"63":0,"64":0,"65":0,"66":0,"67":0,"68":5,"69":1,"70":5,"71":0,"72":5,"73":0,"74":5,"75":0,"76":5,"77":1,"78":2,"79":2,"80":2,"81":2,"82":2,"83":4,"84":4,"85":4,"86":2,"87":2,"88":2,"89":2,"90":2,"91":2,"92":2,"93":0,"94":2,"95":2,"96":2,"97":2,"98":4,"99":2,"100":1,"101":1,"102":1,"103":1,"104":1,"105":0,"106":0,"107":1,"108":1,"109":1,"110":1,"111":1,"112":1,"113":1,"114":2,"115":2,"116":2,"117":0,"118":2,"119":2,"120":1,"121":2,"122":2,"123":2,"124":2,"125":1,"126":1,"127":1},"f":{"0":1,"1":1,"2":4,"3":5,"4":5,"5":5,"6":2,"7":2,"8":4,"9":1,"10":2,"11":2,"12":2},"b":{"0":[8,24],"1":[4,4],"2":[0,8],"3":[8,0],"4":[0,0],"5":[0,8],"6":[8,8],"7":[5,0],"8":[5,0],"9":[5,0],"10":[0,0],"11":[0,0],"12":[5,0],"13":[5,0],"14":[15,15],"15":[10,10],"16":[10,5],"17":[5,5],"18":[0,0],"19":[0,0],"20":[0,5],"21":[0,5],"22":[0,5],"23":[2,0],"24":[2,2],"25":[2,0],"26":[0,2],"27":[2,2],"28":[2,0],"29":[0,1],"30":[0,2]}}
,"/workspace/ton-graph/src/types/graphNodeKind.ts": {"path":"/workspace/ton-graph/src/types/graphNodeKind.ts","statementMap":{"0":{"start":{"line":1,"column":0},"end":{"line":1,"column":null}},"1":{"start":{"line":2,"column":4},"end":{"line":2,"column":null}},"2":{"start":{"line":3,"column":4},"end":{"line":3,"column":null}},"3":{"start":{"line":4,"column":4},"end":{"line":4,"column":null}},"4":{"start":{"line":5,"column":4},"end":{"line":5,"column":null}}},"fnMap":{"0":{"name":"(anonymous_0)","decl":{"start":{"line":1,"column":0},"end":{"line":1,"column":12}},"loc":{"start":{"line":1,"column":25},"end":{"line":6,"column":1}}}},"branchMap":{"0":{"loc":{"start":{"line":1,"column":12},"end":{"line":1,"column":null}},"type":"binary-expr","locations":[{"start":{"line":1,"column":12},"end":{"line":1,"column":25}},{"start":{"line":1,"column":12},"end":{"line":1,"column":null}}]}},"s":{"0":1,"1":1,"2":1,"3":1,"4":1},"f":{"0":1},"b":{"0":[1,1]}}
,"/workspace/ton-graph/src/visualization/htmlTemplate.ts": {"path":"/workspace/ton-graph/src/visualization/htmlTemplate.ts","statementMap":{"0":{"start":{"line":1,"column":0},"end":{"line":1,"column":65}},"1":{"start":{"line":9,"column":24},"end":{"line":9,"column":59}},"2":{"start":{"line":10,"column":23},"end":{"line":10,"column":227}},"3":{"start":{"line":11,"column":4},"end":{"line":15,"column":61}},"4":{"start":{"line":3,"column":0},"end":{"line":3,"column":16}}},"fnMap":{"0":{"name":"generateVisualizationHtml","decl":{"start":{"line":3,"column":16},"end":{"line":3,"column":41}},"loc":{"start":{"line":7,"column":28},"end":{"line":16,"column":1}}}},"branchMap":{},"s":{"0":1,"1":2,"2":2,"3":2,"4":1},"f":{"0":2},"b":{}}
,"/workspace/ton-graph/src/visualization/templates.ts": {"path":"/workspace/ton-graph/src/visualization/templates.ts","statementMap":{"0":{"start":{"line":1,"column":0},"end":{"line":1,"column":9}},"1":{"start":{"line":1,"column":9},"end":{"line":1,"column":59}},"2":{"start":{"line":2,"column":0},"end":{"line":2,"column":39}},"3":{"start":{"line":6,"column":27},"end":{"line":6,"column":72}},"4":{"start":{"line":7,"column":4},"end":{"line":53,"column":2}},"5":{"start":{"line":4,"column":0},"end":{"line":4,"column":16}},"6":{"start":{"line":65,"column":4},"end":{"line":65,"column":45}},"7":{"start":{"line":65,"column":33},"end":{"line":65,"column":45}},"8":{"start":{"line":68,"column":4},"end":{"line":68,"column":61}},"9":{"start":{"line":68,"column":48},"end":{"line":68,"column":61}},"10":{"start":{"line":71,"column":4},"end":{"line":71,"column":69}},"11":{"start":{"line":77,"column":18},"end":{"line":77,"column":35}},"12":{"start":{"line":78,"column":4},"end":{"line":84,"column":null}},"13":{"start":{"line":79,"column":21},"end":{"line":79,"column":44}},"14":{"start":{"line":81,"column":8},"end":{"line":83,"column":null}},"15":{"start":{"line":82,"column":12},"end":{"line":82,"column":24}},"16":{"start":{"line":85,"column":4},"end":{"line":85,"column":16}},"17":{"start":{"line":90,"column":18},"end":{"line":90,"column":35}},"18":{"start":{"line":91,"column":4},"end":{"line":97,"column":null}},"19":{"start":{"line":92,"column":25},"end":{"line":92,"column":48}},"20":{"start":{"line":93,"column":8},"end":{"line":96,"column":null}},"21":{"start":{"line":95,"column":12},"end":{"line":95,"column":48}},"22":{"start":{"line":98,"column":4},"end":{"line":98,"column":18}},"23":{"start":{"line":103,"column":4},"end":{"line":108,"column":32}},"24":{"start":{"line":131,"column":18},"end":{"line":131,"column":75}},"25":{"start":{"line":131,"column":50},"end":{"line":131,"column":74}},"26":{"start":{"line":132,"column":26},"end":{"line":132,"column":36}},"27":{"start":{"line":133,"column":30},"end":{"line":133,"column":127}},"28":{"start":{"line":133,"column":54},"end":{"line":133,"column":126}},"29":{"start":{"line":134,"column":28},"end":{"line":134,"column":93}},"30":{"start":{"line":135,"column":4},"end":{"line":135,"column":72}},"31":{"start":{"line":139,"column":58},"end":{"line":139,"column":64}},"32":{"start":{"line":140,"column":29},"end":{"line":140,"column":46}},"33":{"start":{"line":141,"column":4},"end":{"line":160,"column":null}},"34":{"start":{"line":141,"column":17},"end":{"line":141,"column":18}},"35":{"start":{"line":142,"column":8},"end":{"line":142,"column":46}},"36":{"start":{"line":142,"column":37},"end":{"line":142,"column":46}},"37":{"start":{"line":143,"column":21},"end":{"line":143,"column":29}},"38":{"start":{"line":144,"column":28},"end":{"line":144,"column":39}},"39":{"start":{"line":145,"column":8},"end":{"line":145,"column":95}},"40":{"start":{"line":145,"column":86},"end":{"line":145,"column":95}},"41":{"start":{"line":146,"column":8},"end":{"line":149,"column":null}},"42":{"start":{"line":147,"column":12},"end":{"line":147,"column":30}},"43":{"start":{"line":148,"column":12},"end":{"line":148,"column":21}},"44":{"start":{"line":150,"column":8},"end":{"line":158,"column":null}},"45":{"start":{"line":151,"column":27},"end":{"line":151,"column":52}},"46":{"start":{"line":152,"column":29},"end":{"line":152,"column":48}},"47":{"start":{"line":153,"column":12},"end":{"line":155,"column":null}},"48":{"start":{"line":154,"column":16},"end":{"line":154,"column":25}},"49":{"start":{"line":156,"column":12},"end":{"line":156,"column":30}},"50":{"start":{"line":157,"column":12},"end":{"line":157,"column":21}},"51":{"start":{"line":159,"column":8},"end":{"line":159,"column":26}},"52":{"start":{"line":161,"column":4},"end":{"line":161,"column":18}},"53":{"start":{"line":165,"column":56},"end":{"line":165,"column":62}},"54":{"start":{"line":166,"column":29},"end":{"line":175,"column":6}},"55":{"start":{"line":177,"column":26},"end":{"line":183,"column":5}},"56":{"start":{"line":178,"column":22},"end":{"line":178,"column":43}},"57":{"start":{"line":179,"column":8},"end":{"line":181,"column":null}},"58":{"start":{"line":180,"column":12},"end":{"line":180,"column":48}},"59":{"start":{"line":182,"column":8},"end":{"line":182,"column":26}},"60":{"start":{"line":185,"column":25},"end":{"line":185,"column":27}},"61":{"start":{"line":186,"column":4},"end":{"line":250,"column":null}},"62":{"start":{"line":186,"column":17},"end":{"line":186,"column":18}},"63":{"start":{"line":187,"column":21},"end":{"line":187,"column":29}},"64":{"start":{"line":188,"column":8},"end":{"line":188,"column":46}},"65":{"start":{"line":188,"column":37},"end":{"line":188,"column":46}},"66":{"start":{"line":189,"column":28},"end":{"line":189,"column":39}},"67":{"start":{"line":190,"column":8},"end":{"line":190,"column":95}},"68":{"start":{"line":190,"column":86},"end":{"line":190,"column":95}},"69":{"start":{"line":191,"column":8},"end":{"line":197,"column":null}},"70":{"start":{"line":192,"column":12},"end":{"line":192,"column":84}},"71":{"start":{"line":193,"column":12},"end":{"line":195,"column":null}},"72":{"start":{"line":194,"column":16},"end":{"line":194,"column":65}},"73":{"start":{"line":196,"column":12},"end":{"line":196,"column":21}},"74":{"start":{"line":198,"column":8},"end":{"line":201,"column":null}},"75":{"start":{"line":199,"column":12},"end":{"line":199,"column":32}},"76":{"start":{"line":200,"column":12},"end":{"line":200,"column":21}},"77":{"start":{"line":202,"column":8},"end":{"line":224,"column":null}},"78":{"start":{"line":203,"column":25},"end":{"line":203,"column":27}},"79":{"start":{"line":204,"column":26},"end":{"line":204,"column":57}},"80":{"start":{"line":205,"column":12},"end":{"line":209,"column":null}},"81":{"start":{"line":206,"column":16},"end":{"line":206,"column":41}},"82":{"start":{"line":208,"column":16},"end":{"line":208,"column":51}},"83":{"start":{"line":210,"column":12},"end":{"line":210,"column":34}},"84":{"start":{"line":210,"column":25},"end":{"line":210,"column":34}},"85":{"start":{"line":211,"column":31},"end":{"line":211,"column":52}},"86":{"start":{"line":212,"column":12},"end":{"line":212,"column":52}},"87":{"start":{"line":213,"column":12},"end":{"line":216,"column":null}},"88":{"start":{"line":214,"column":16},"end":{"line":214,"column":67}},"89":{"start":{"line":215,"column":16},"end":{"line":215,"column":63}},"90":{"start":{"line":217,"column":31},"end":{"line":217,"column":54}},"91":{"start":{"line":218,"column":30},"end":{"line":218,"column":65}},"92":{"start":{"line":219,"column":12},"end":{"line":219,"column":51}},"93":{"start":{"line":220,"column":29},"end":{"line":220,"column":48}},"94":{"start":{"line":221,"column":12},"end":{"line":223,"column":null}},"95":{"start":{"line":222,"column":16},"end":{"line":222,"column":45}},"96":{"start":{"line":225,"column":8},"end":{"line":249,"column":null}},"97":{"start":{"line":226,"column":23},"end":{"line":226,"column":25}},"98":{"start":{"line":226,"column":32},"end":{"line":226,"column":34}},"99":{"start":{"line":227,"column":12},"end":{"line":242,"column":null}},"100":{"start":{"line":228,"column":30},"end":{"line":228,"column":48}},"101":{"start":{"line":229,"column":16},"end":{"line":2
[...]
"line":331,"column":37}},"128":{"start":{"line":333,"column":4},"end":{"line":342,"column":7}},"129":{"start":{"line":334,"column":8},"end":{"line":341,"column":null}},"130":{"start":{"line":335,"column":30},"end":{"line":335,"column":68}},"131":{"start":{"line":336,"column":12},"end":{"line":339,"column":15}},"132":{"start":{"line":337,"column":16},"end":{"line":337,"column":57}},"133":{"start":{"line":338,"column":16},"end":{"line":338,"column":36}},"134":{"start":{"line":340,"column":12},"end":{"line":340,"column":29}},"135":{"start":{"line":344,"column":4},"end":{"line":344,"column":24}},"136":{"start":{"line":307,"column":0},"end":{"line":307,"column":16}},"137":{"start":{"line":348,"column":22},"end":{"line":348,"column":39}},"138":{"start":{"line":349,"column":18},"end":{"line":349,"column":31}},"139":{"start":{"line":351,"column":4},"end":{"line":366,"column":null}},"140":{"start":{"line":352,"column":23},"end":{"line":352,"column":37}},"141":{"start":{"line":353,"column":8},"end":{"line":365,"column":null}},"142":{"start":{"line":354,"column":12},"end":{"line":354,"column":34}},"143":{"start":{"line":357,"column":12},"end":{"line":364,"column":15}},"144":{"start":{"line":358,"column":16},"end":{"line":360,"column":null}},"145":{"start":{"line":359,"column":20},"end":{"line":359,"column":40}},"146":{"start":{"line":361,"column":16},"end":{"line":363,"column":null}},"147":{"start":{"line":362,"column":20},"end":{"line":362,"column":42}},"148":{"start":{"line":368,"column":4},"end":{"line":368,"column":21}}},"fnMap":{"0":{"name":"escapeMermaidLabel","decl":{"start":{"line":14,"column":9},"end":{"line":14,"column":27}},"loc":{"start":{"line":14,"column":40},"end":{"line":24,"column":1}}},"1":{"name":"createVisualizationPanel","decl":{"start":{"line":26,"column":16},"end":{"line":26,"column":40}},"loc":{"start":{"line":30,"column":23},"end":{"line":104,"column":1}}},"2":{"name":"(anonymous_2)","decl":{"start":{"line":55,"column":12},"end":{"line":55,"column":13}},"loc":{"start":{"line":55,"column":53},"end":{"line":65,"column":5}}},"3":{"name":"(anonymous_3)","decl":{"start":{"line":65,"column":13},"end":{"line":65,"column":18}},"loc":{"start":{"line":65,"column":21},"end":{"line":68,"column":5}}},"4":{"name":"(anonymous_4)","decl":{"start":{"line":72,"column":8},"end":{"line":72,"column":15}},"loc":{"start":{"line":72,"column":18},"end":{"line":88,"column":9}}},"5":{"name":"(anonymous_5)","decl":{"start":{"line":95,"column":8},"end":{"line":95,"column":11}},"loc":{"start":{"line":95,"column":13},"end":{"line":98,"column":9}}},"6":{"name":"getMermaidScriptUri","decl":{"start":{"line":109,"column":15},"end":{"line":109,"column":34}},"loc":{"start":{"line":109,"column":92},"end":{"line":121,"column":1}}},"7":{"name":"(anonymous_7)","decl":{"start":{"line":115,"column":32},"end":{"line":115,"column":33}},"loc":{"start":{"line":115,"column":32},"end":{"line":115,"column":33}}},"8":{"name":"getWebviewScriptUri","decl":{"start":{"line":123,"column":15},"end":{"line":123,"column":34}},"loc":{"start":{"line":123,"column":92},"end":{"line":127,"column":1}}},"9":{"name":"handleFilterRequest","decl":{"start":{"line":132,"column":9},"end":{"line":132,"column":28}},"loc":{"start":{"line":132,"column":127},"end":{"line":169,"column":1}}},"10":{"name":"generateMermaidDiagram","decl":{"start":{"line":171,"column":16},"end":{"line":171,"column":38}},"loc":{"start":{"line":171,"column":59},"end":{"line":302,"column":1}}},"11":{"name":"(anonymous_11)","decl":{"start":{"line":180,"column":24},"end":{"line":180,"column":28}},"loc":{"start":{"line":180,"column":31},"end":{"line":186,"column":5}}},"12":{"name":"(anonymous_12)","decl":{"start":{"line":190,"column":42},"end":{"line":190,"column":43}},"loc":{"start":{"line":190,"column":56},"end":{"line":200,"column":5}}},"13":{"name":"(anonymous_13)","decl":{"start":{"line":203,"column":42},"end":{"line":203,"column":43}},"loc":{"start":{"line":203,"column":63},"end":{"line":231,"column":5}}},"14":{"name":"(anonymous_14)","decl":{"start":{"line":210,"column":22},"end":{"line":210,"column":26}},"loc":{"start":{"line":210,"column":29},"end":{"line":228,"column":9}}},"15":{"name":"(anonymous_15)","decl":{"start":{"line":234,"column":24},"end":{"line":234,"column":28}},"loc":{"start":{"line":234,"column":31},"end":{"line":282,"column":5}}},"16":{"name":"(anonymous_16)","decl":{"start":{"line":239,"column":44},"end":{"line":239,"column":48}},"loc":{"start":{"line":239,"column":52},"end":{"line":239,"column":71}}},"17":{"name":"(anonymous_17)","decl":{"start":{"line":246,"column":24},"end":{"line":246,"column":29}},"loc":{"start":{"line":246,"column":32},"end":{"line":251,"column":17}}},"18":{"name":"(anonymous_18)","decl":{"start":{"line":252,"column":21},"end":{"line":252,"column":26}},"loc":{"start":{"line":252,"column":29},"end":{"line":256,"column":17}}},"19":{"name":"(anonymous_19)","decl":{"start":{"line":271,"column":42},"end":{"line":271,"column":46}},"loc":{"start":{"line":271,"column":50},"end":{"line":271,"column":71}}},"20":{"name":"(anonymous_20)","decl":{"start":{"line":272,"column":40},"end":{"line":272,"column":44}},"loc":{"start":{"line":272,"column":48},"end":{"line":272,"column":67}}},"21":{"name":"(anonymous_21)","decl":{"start":{"line":288,"column":39},"end":{"line":288,"column":40}},"loc":{"start":{"line":288,"column":58},"end":{"line":291,"column":5}}},"22":{"name":"(anonymous_22)","decl":{"start":{"line":294,"column":24},"end":{"line":294,"column":28}},"loc":{"start":{"line":294,"column":31},"end":{"line":299,"column":5}}},"23":{"name":"clusterNodes","decl":{"start":{"line":307,"column":16},"end":{"line":307,"column":28}},"loc":{"start":{"line":307,"column":49},"end":{"line":345,"column":1}}},"24":{"name":"(anonymous_24)","decl":{"start":{"line":313,"column":24},"end":{"line":313,"column":28}},"loc":{"start":{"line":313,"column":31},"end":{"line":316,"column":5}}},"25":{"name":"(anonymous_25)","decl":{"start":{"line":320,"column":16},"end":{"line":320,"column":20}},"loc":{"start":{"line":320,"column":24},"end":{"line":320,"column":52}}},"26":{"name":"(anonymous_26)","decl":{"start":{"line":321,"column":13},"end":{"line":321,"column":17}},"loc":{"start":{"line":321,"column":21},"end":{"line":321,"column":28}}},"27":{"name":"(anonymous_27)","decl":{"start":{"line":324,"column":30},"end":{"line":324,"column":36}},"loc":{"start":{"line":324,"column":39},"end":{"line":326,"column":9}}},"28":{"name":"(anonymous_28)","decl":{"start":{"line":333,"column":24},"end":{"line":333,"column":28}},"loc":{"start":{"line":333,"column":31},"end":{"line":342,"column":5}}},"29":{"name":"(anonymous_29)","decl":{"start":{"line":336,"column":30},"end":{"line":336,"column":36}},"loc":{"start":{"line":336,"column":39},"end":{"line":339,"column":13}}},"30":{"name":"findConnectedComponent","decl":{"start":{"line":347,"column":9},"end":{"line":347,"column":31}},"loc":{"start":{"line":347,"column":73},"end":{"line":369,"column":1}}},"31":{"name":"(anonymous_31)","decl":{"start":{"line":357,"column":32},"end":{"line":357,"column":36}},"loc":{"start":{"line":357,"column":39},"end":{"line":364,"column":13}}}},"branchMap":{"0":{"loc":{"start":{"line":30,"column":4},"end":{"line":30,"column":23}},"type":"default-arg","locations":[{"start":{"line":30,"column":12},"end":{"line":30,"column":23}}]},"1":{"loc":{"start":{"line":74,"column":16},"end":{"line":80,"column":null}},"type":"if","locations":[{"start":{"line":74,"column":16},"end":{"line":80,"column":null}},{"start":{"line":74,"column":16},"end":{"line":80,"column":null}}]},"2":{"loc":{"start":{"line":75,"column":39},"end":{"line":75,"column":120}},"type":"cond-expr","locations":[{"start":{"line":75,"column":59},"end":{"line":75,"column":115}},{"start":{"line":75,"column":118},"end":{"line":75,"column":120}}]},"3":{"loc":{"start":{"line":77,"column":23},"end":{"line":80,"column":null}},"type":"if","locations":[{"start":{"line":77,"column":23},"end":{"line":80,"column":null}},{"start":{"line":77,"column":23},"end":{"line":80,"column":null}}]},"4":{"loc":{"start":{"line":77,"column":27},"end":{"line":78,"column":82}},"type":"binary-expr","locations":[{"start":{"line":77,"column":27},"end":{"line":77,"column":60}},{"start":{"line":77,"column":64},"end":{"line":77,"column":93}},{"start":{"line":78,"column":20},"end":{"line":78,"column":49}},{"start":{"line":78,"column":53},"end":{"line":78,"column":82}}]},"5":{"loc":{"start":{"line":85,"column":27},"end":{"line":85,"column":81}},"type":"cond-expr","locations":[{"start":{"line":85,"column":52},"end":{"line":85,"column":65}},{"start":{"line":85,"column":68},"end":{"line":85,"column":81}}]},"6":{"loc":{"start":{"line":110,"column":4},"end":{"line":119,"column":null}},"type":"if","locations":[{"start":{"line":110,"column":4},"end":{"line":119,"column":null}},{"start":{"line":110,"column":4},"end":{"line":119,"column":null}}]},"7":{"loc":{"start":{"line":135,"column":8},"end":{"line":141,"column":null}},"type":"if","locations":[{"start":{"line":135,"column":8},"end":{"line":141,"column":null}},{"start":{"line":135,"column":8},"end":{"line":141,"column":null}}]},"8":{"loc":{"start":{"line":144,"column":32},"end":{"line":144,"column":50}},"type":"cond-expr","locations":[{"start":{"line":144,"column":42},"end":{"line":144,"column":44}},{"start":{"line":144,"column":32},"end":{"line":144,"column":50}}]},"9":{"loc":{"start":{"line":144,"column":32},"end":{"line":144,"column":44}},"type":"binary-expr","locations":[{"start":{"line":144,"column":32},"end":{"line":144,"column":44}},{"start":{"line":144,"column":32},"end":{"line":144,"column":44}}]},"10":{"loc":{"start":{"line":152,"column":12},"end":{"line":152,"column":31}},"type":"binary-expr","locations":[{"start":{"line":152,"column":12},"end":{"line":152,"column":25}},{"start":{"line":152,"column":29},"end":{"line":152,"column":31}}]},"11":{"loc":{"start":{"line":166,"column":19},"end":{"line":166,"column":73}},"type":"cond-expr","locations":[{"start":{"line":166,"column":44},"end":{"line":166,"column":57}},{"start":{"line":166,"column":60},"end":{"line":166,"column":73}}]},"12":{"loc":{"start":{"line":181,"column":24},"end":{"line":181,"column":54}},"type":"binary-expr","locations":[{"start":{"line":181,"column":24},"end":{"line":181,"column":49}},{"start":{"line":181,"column":53},"end":{"line":181,"column":54}}]},"13":{"loc":{"start":{"line":182,"column":8},"end":{"line":184,"column":null}},"type":"if","locations":[{"start":{"line":182,"column":8},"end":{"line":184,"column":null}},{"start":{"line":182,"column":8},"end":{"line":184,"column":null}}]},"14":{"loc":{"start":{"line":192,"column":8},"end":{"line":199,"column":null}},"type":"if","locations":[{"start":{"line":192,"column":8},"end":{"line":199,"column":null}},{"start":{"line":192,"column":8},"end":{"line":199,"column":null}}]},"15":{"loc":{"start":{"line":212,"column":36},"end":{"line":212,"column":66}},"type":"binary-expr","locations":[{"start":{"line":212,"column":36},"end":{"line":212,"column":53}},{"start":{"line":212,"column":57},"end":{"line":212,"column":66}}]},"16":{"loc":{"start":{"line":221,"column":12},"end":{"line":227,"column":null}},"type":"if","locations":[{"start":{"line":221,"column":12},"end":{"line":227,"column":null}},{"start":{"line":221,"column":12},"end":{"line":227,"column":null}}]},"17":{"loc":{"start":{"line":223,"column":19},"end":{"line":227,"column":null}},"type":"if","locations":[{"start":{"line":223,"column":19},"end":{"line":227,"column":null}},{"start":{"line":223,"column":19},"end":{"line":227,"column":null}}]},"18":{"loc":{"start":{"line":243,"column":8},"end":{"line":261,"column":null}},"type":"if","locations":[{"start":{"line":243,"column":8},"end":{"line":261,"column":null}},{"start":{"line":243,"column":8},"end":{"line":261,"column":null}}]},"19":{"loc":{"start":{"line":243,"column":12},"end":{"line":243,"column":70}},"type":"binary-expr","locations":[{"start":{"line":243,"column":12},"end":{"line":243,"column":34}},{"start":{"line":243,"column":38},"end":{"line":243,"column":70}}]},"20":{"loc":{"start":{"line":243,"column":12},"end":{"line":243,"column":34}},"type":"cond-expr","locations":[{"start":{"line":243,"column":22},"end":{"line":243,"column":24}},{"start":{"line":243,"column":12},"end":{"line":243,"column":34}}]},"21":{"loc":{"start":{"line":243,"column":12},"end":{"line":243,"column":24}},"type":"binary-expr","locations":[{"start":{"line":243,"column":12},"end":{"line":243,"column":24}},{"start":{"line":243,"column":12},"end":{"line":243,"column":24}}]},"22":{"loc":{"start":{"line":249,"column":27},"end":{"line":250,"column":54}},"type":"binary-expr","locations":[{"start":{"line":249,"column":27},"end":{"line":249,"column":57}},{"start":{"line":250,"column":24},"end":{"line":250,"column":54}}]},"23":{"loc":{"start":{"line":259,"column":20},"end":{"line":260,"column":59}},"type":"cond-expr","locations":[{"start":{"line":260,"column":16},"end":{"line":260,"column":52}},{"start":{"line":260,"column":55},"end":{"line":260,"column":59}}]},"24":{"loc":{"start":{"line":267,"column":28},"end":{"line":267,"column":60}},"type":"binary-expr","locations":[{"start":{"line":267,"column":28},"end":{"line":267,"column":55}},{"start":{"line":267,"column":59},"end":{"line":267,"column":60}}]},"25":{"loc":{"start":{"line":268,"column":26},"end":{"line":268,"column":56}},"type":"binary-expr","locations":[{"start":{"line":268,"column":26},"end":{"line":268,"column":51}},{"start":{"line":268,"column":55},"end":{"line":268,"column":56}}]},"26":{"loc":{"start":{"line":273,"column":40},"end":{"line":273,"column":75}},"type":"binary-expr","locations":[{"start":{"line":273,"column":40},"end":{"line":273,"column":62}},{"start":{"line":273,"column":66},"end":{"line":273,"column":75}}]},"27":{"loc":{"start":{"line":273,"column":40},"end":{"line":273,"column":62}},"type":"cond-expr","locations":[{"start":{"line":273,"column":48},"end":{"line":273,"column":50}},{"start":{"line":273,"column":40},"end":{"line":273,"column":62}}]},"28":{"loc":{"start":{"line":273,"column":40},"end":{"line":273,"column":50}},"type":"binary-expr","locations":[{"start":{"line":273,"column":40},"end":{"line":273,"column":50}},{"start":{"line":273,"column":40},"end":{"line":273,"column":50}}]},"29":{"loc":{"start":{"line":274,"column":36},"end":{"line":274,"column":69}},"type":"binary-expr","locations":[{"start":{"line":274,"column":36},"end":{"line":274,"column":56}},{"start":{"line":274,"column":60},"end":{"line":274,"column":69}}]},"30":{"loc":{"start":{"line":274,"column":36},"end":{"line":274,"column":56}},"type":"cond-expr","locations":[{"start":{"line":274,"column":42},"end":{"line":274,"column":44}},{"start":{"line":274,"column":36},"end":{"line":274,"column":56}}]},"31":{"loc":{"start":{"line":274,"column":36},"end":{"line":274,"column":44}},"type":"binary-expr","locations":[{"start":{"line":274,"column":36},"end":{"line":274,"column":44}},{"start":{"line":274,"column":36},"end":{"line":274,"column":44}}]},"32":{"loc":{"start":{"line":276,"column":8},"end":{"line":281,"column":null}},"type":"if","locations":[{"start":{"line":276,"column":8},"end":{"line":281,"column":null}},{"start":{"line":276,"column":8},"end":{"line":281,"column":null}}]},"33":{"loc":{"start":{"line":278,"column":47},"end":{"line":278,"column":74}},"type":"cond-expr","locations":[{"start":{"line":278,"column":55},"end":{"line":278,"column":69}},{"start":{"line":278,"column":72},"end":{"line":278,"column":74}}]},"34":{"loc":{"start":{"line":280,"column":47},"end":{"line":280,"column":74}},"type":"cond-expr","locations":[{"start":{"line":280,"column":55},"end":{"line":280,"column":69}},{"start":{"line":280,"column":72},"end":{"line":280,"column":74}}]},"35":{"loc":{"start":{"line":296,"column":32},"end":{"line":296,"column":62}},"type":"binary-expr","locations":[{"start":{"line":296,"column":32},"end":{"line":296,"column":49}},{"start":{"line":296,"column":53},"end":{"line":296,"column":62}}]},"36":{"loc":{"start":{"line":297,"column":24},"end":{"line":297,"column":54}},"type":"binary-expr","locations":[{"start":{"line":297,"column":24},"end":{"line":297,"column":49}},{"start":{"line":297,"column":53},"end":{"line":297,"column":54}}]},"37":{"loc":{"start":{"line":323,"column":4},"end":{"line":328,"column":null}},"type":"if","locations":[{"start":{"line":323,"column":4},"end":{"line":328,"column":null}},{"start":{"line":323,"column":4},"end":{"line":328,"column":null}}]},"38":{"loc":{"start":{"line":334,"column":8},"end":{"line":341,"column":null}},"type":"if","locations":[{"start":{"line":334,"column":8},"end":{"line":341,"column":null}},{"start":{"line":334,"column":8},"end":{"line":341,"column":null}}]},"39":{"loc":{"start":{"line":334,"column":12},"end":{"line":334,"column":64}},"type":"binary-expr","locations":[{"start":{"line":334,"column":12},"end":{"line":334,"column":33}},{"start":{"line":334,"column":37},"end":{"line":334,"column":64}}]},"40":{"loc":{"start":{"line":353,"column":8},"end":{"line":365,"column":null}},"type":"if","locations":[{"start":{"line":353,"column":8},"end":{"line":365,"column":null}},{"start":{"line":353,"column":8},"end":{"line":365,"column":null}}]},"41":{"loc":{"start":{"line":358,"column":16},"end":{"line":360,"column":null}},"type":"if","locations":[{"start":{"line":358,"column":16},"end":{"line":360,"column":null}},{"start":{"line":358,"column":16},"end":{"line":360,"column":null}}]},"42":{"loc":{"start":{"line":358,"column":20},"end":{"line":358,"column":67}},"type":"binary-expr","locations":[{"start":{"line":358,"column":20},"end":{"line":358,"column":40}},{"start":{"line":358,"column":44},"end":{"line":358,"column":67}}]},"43":{"loc":{"start":{"line":361,"column":16},"end":{"line":363,"column":null}},"type":"if","locations":[{"start":{"line":361,"column":16},"end":{"line":363,"column":null}},{"start":{"line":361,"column":16},"end":{"line":363,"column":null}}]},"44":{"loc":{"start":{"line":361,"column":20},"end":{"line":361,"column":67}},"type":"binary-expr","locations":[{"start":{"line":361,"column":20},"end":{"line":361,"column":38}},{"start":{"line":361,"column":42},"end":{"line":361,"column":67}}]}},"s":{"0":1,"1":1,"2":1,"3":1,"4":1,"5":1,"6":10,"7":2,"8":2,"9":2,"10":2,"11":2,"12":2,"13":2,"14":0,"15":0,"16":2,"17":0,"18":0,"19":0,"20":0,"21":0,"22":0,"23":0,"24":2,"25":0,"26":2,"27":1,"28":2,"29":1,"30":1,"31":1,"32":1,"33":0,"34":0,"35":2,"36":2,"37":2,"38":2,"39":0,"40":0,"41":0,"42":0,"43":0,"44":0,"45":0,"46":0,"47":0,"48":0,"49":0,"50":4,"51":4,"52":4,"53":4,"54":7,"55":7,"56":4,"57":7,"58":4,"59":4,"60":4,"61":4,"62":4,"63":0,"64":0,"65":4,"66":4,"67":4,"68":4,"69":7,"70":7,"71":7,"72":7,"73":7,"74":4,"75":3,"76":1,"77":2,"78":4,"79":4,"80":3,"81":3,"82":3,"83":7,"84":3,"85":3,"86":1,"87":4,"88":4,"89":2,"90":1,"91":3,"92":3,"93":3,"94":3,"95":4,"96":3,"97":7,"98":3,"99":3,"100":3,"101":0,"102":3,"103":4,"104":4,"105":4,"106":4,"107":4,"108":7,"109":7,"110":7,"111":7,"112":4,"113":1,"114":5,"115":5,"116":5,"117":5,"118":6,"119":6,"120":5,"121":13,"122":3,"123":5,"124":3,"125":3,"126":3,"127":5,"128":5,"129":13,"130":4,"131":4,"132":10,"133":10,"134":4,"135":5,"136":1,"137":4,"138":4,"139":4,"140":10,"141":10,"142":10,"143":10,"144":23,"145":6,"146":23,"147":0,"148":4},"f":{"0":10,"1":2,"2":2,"3":0,"4":0,"5":0,"6":2,"7":0,"8":2,"9":0,"10":4,"11":7,"12":4,"13":4,"14":7,"15":3,"16":7,"17":4,"18":2,"19":4,"20":7,"21":4,"22":7,"23":5,"24":6,"25":13,"26":3,"27":3,"28":13,"29":10,"30":4,"31":23},"b":{"0":[2],"1":[0,0],"2":[0,0],"3":[0,0],"4":[0,0,0,0],"5":[0,0],"6":[1,1],"7":[0,0],"8":[0,0],"9":[0,0],"10":[0,0],"11":[0,0],"12":[7,7],"13":[4,3],"14":[4,0],"15":[7,7],"16":[4,3],"17":[1,2],"18":[1,2],"19":[3,1],"20":[0,3],"21":[3,3],"22":[4,3],"23":[1,0],"24":[3,3],"25":[3,3],"26":[3,3],"27":[0,3],"28":[3,3],"29":[3,3],"30":[0,3],"31":[3,3],"32":[0,3],"33":[0,0],"34":[1,2],"35":[7,7],"36":[7,7],"37":[3,2],"38":[4,9],"39":[13,7],"40":[10,0],"41":[6,17],"42":[23,6],"43":[0,23],"44":[23,6]}}
}
